{"/home/travis/build/npmtest/node-npmtest-keyword-extractor/test.js":{"path":"/home/travis/build/npmtest/node-npmtest-keyword-extractor/test.js","s":{"1":2,"2":2,"3":2,"4":2,"5":2,"6":2,"7":2,"8":1,"9":2,"10":2,"11":1,"12":1,"13":1,"14":1,"15":2,"16":2,"17":2,"18":2,"19":1,"20":1,"21":2,"22":2,"23":2,"24":1,"25":1,"26":1,"27":1,"28":1,"29":1,"30":1,"31":1,"32":1,"33":1,"34":1,"35":1,"36":1,"37":1,"38":1,"39":2,"40":2,"41":1,"42":2,"43":2,"44":1,"45":2,"46":2,"47":1,"48":2,"49":2,"50":1,"51":1,"52":1,"53":1,"54":1},"b":{"1":[2,1,1,1],"2":[1,1,1,1],"3":[1,1],"4":[1,1],"5":[1,1],"6":[1,1],"7":[1,1],"8":[1,1],"9":[1,1],"10":[1,1,1],"11":[1,1],"12":[1,1],"13":[1,1],"14":[1,1],"15":[1,1],"16":[1,1],"17":[1,1]},"f":{"1":2,"2":2,"3":2,"4":2,"5":2,"6":1,"7":1,"8":1,"9":2,"10":2,"11":2,"12":2,"13":1},"fnMap":{"1":{"name":"(anonymous_1)","line":12,"loc":{"start":{"line":12,"column":1},"end":{"line":12,"column":13}}},"2":{"name":"(anonymous_2)","line":19,"loc":{"start":{"line":19,"column":5},"end":{"line":19,"column":17}}},"3":{"name":"(anonymous_3)","line":23,"loc":{"start":{"line":23,"column":24},"end":{"line":23,"column":36}}},"4":{"name":"(anonymous_4)","line":61,"loc":{"start":{"line":61,"column":5},"end":{"line":61,"column":17}}},"5":{"name":"(anonymous_5)","line":82,"loc":{"start":{"line":82,"column":5},"end":{"line":82,"column":17}}},"6":{"name":"(anonymous_6)","line":91,"loc":{"start":{"line":91,"column":77},"end":{"line":94,"column":10}}},"7":{"name":"(anonymous_7)","line":112,"loc":{"start":{"line":112,"column":83},"end":{"line":115,"column":10}},"skip":true},"8":{"name":"(anonymous_8)","line":123,"loc":{"start":{"line":123,"column":77},"end":{"line":126,"column":10}},"skip":true},"9":{"name":"(anonymous_9)","line":139,"loc":{"start":{"line":139,"column":12},"end":{"line":139,"column":40}},"skip":true},"10":{"name":"(anonymous_10)","line":147,"loc":{"start":{"line":147,"column":77},"end":{"line":150,"column":10}},"skip":true},"11":{"name":"(anonymous_11)","line":158,"loc":{"start":{"line":158,"column":83},"end":{"line":161,"column":10}},"skip":true},"12":{"name":"(anonymous_12)","line":169,"loc":{"start":{"line":169,"column":79},"end":{"line":172,"column":10}},"skip":true},"13":{"name":"(anonymous_13)","line":180,"loc":{"start":{"line":180,"column":75},"end":{"line":183,"column":10}},"skip":true}},"statementMap":{"1":{"start":{"line":12,"column":0},"end":{"line":195,"column":5}},"2":{"start":{"line":14,"column":4},"end":{"line":14,"column":14}},"3":{"start":{"line":19,"column":4},"end":{"line":56,"column":9}},"4":{"start":{"line":21,"column":8},"end":{"line":21,"column":19}},"5":{"start":{"line":23,"column":8},"end":{"line":35,"column":13}},"6":{"start":{"line":24,"column":12},"end":{"line":34,"column":13}},"7":{"start":{"line":25,"column":16},"end":{"line":28,"column":30}},"8":{"start":{"line":30,"column":16},"end":{"line":33,"column":27}},"9":{"start":{"line":37,"column":8},"end":{"line":39,"column":21}},"10":{"start":{"line":40,"column":8},"end":{"line":53,"column":9}},"11":{"start":{"line":43,"column":12},"end":{"line":46,"column":14}},"12":{"start":{"line":47,"column":12},"end":{"line":47,"column":18}},"13":{"start":{"line":50,"column":12},"end":{"line":51,"column":33}},"14":{"start":{"line":52,"column":12},"end":{"line":52,"column":18}},"15":{"start":{"line":55,"column":8},"end":{"line":55,"column":35}},"16":{"start":{"line":61,"column":4},"end":{"line":63,"column":9}},"17":{"start":{"line":62,"column":8},"end":{"line":62,"column":15}},"18":{"start":{"line":64,"column":4},"end":{"line":77,"column":5}},"19":{"start":{"line":70,"column":8},"end":{"line":70,"column":14}},"20":{"start":{"line":76,"column":8},"end":{"line":76,"column":14}},"21":{"start":{"line":82,"column":4},"end":{"line":84,"column":9}},"22":{"start":{"line":83,"column":8},"end":{"line":83,"column":15}},"23":{"start":{"line":85,"column":4},"end":{"line":194,"column":5}},"24":{"start":{"line":91,"column":8},"end":{"line":99,"column":10}},"25":{"start":{"line":98,"column":12},"end":{"line":98,"column":35}},"26":{"start":{"line":102,"column":8},"end":{"line":104,"column":63}},"27":{"start":{"line":105,"column":8},"end":{"line":105,"column":14}},"28":{"start":{"line":112,"column":8},"end":{"line":121,"column":10},"skip":true},"29":{"start":{"line":119,"column":12},"end":{"line":119,"column":55},"skip":true},"30":{"start":{"line":120,"column":12},"end":{"line":120,"column":48},"skip":true},"31":{"start":{"line":123,"column":8},"end":{"line":136,"column":10},"skip":true},"32":{"start":{"line":130,"column":12},"end":{"line":130,"column":76},"skip":true},"33":{"start":{"line":131,"column":12},"end":{"line":131,"column":73},"skip":true},"34":{"start":{"line":132,"column":12},"end":{"line":132,"column":74},"skip":true},"35":{"start":{"line":133,"column":12},"end":{"line":133,"column":79},"skip":true},"36":{"start":{"line":134,"column":12},"end":{"line":134,"column":25},"skip":true},"37":{"start":{"line":135,"column":12},"end":{"line":135,"column":45},"skip":true},"38":{"start":{"line":138,"column":8},"end":{"line":145,"column":14},"skip":true},"39":{"start":{"line":143,"column":16},"end":{"line":143,"column":29},"skip":true},"40":{"start":{"line":144,"column":16},"end":{"line":144,"column":55},"skip":true},"41":{"start":{"line":147,"column":8},"end":{"line":156,"column":10},"skip":true},"42":{"start":{"line":154,"column":12},"end":{"line":154,"column":25},"skip":true},"43":{"start":{"line":155,"column":12},"end":{"line":155,"column":45},"skip":true},"44":{"start":{"line":158,"column":8},"end":{"line":167,"column":10},"skip":true},"45":{"start":{"line":165,"column":12},"end":{"line":165,"column":25},"skip":true},"46":{"start":{"line":166,"column":12},"end":{"line":166,"column":48},"skip":true},"47":{"start":{"line":169,"column":8},"end":{"line":178,"column":10},"skip":true},"48":{"start":{"line":176,"column":12},"end":{"line":176,"column":25},"skip":true},"49":{"start":{"line":177,"column":12},"end":{"line":177,"column":46},"skip":true},"50":{"start":{"line":180,"column":8},"end":{"line":189,"column":10},"skip":true},"51":{"start":{"line":187,"column":12},"end":{"line":187,"column":94},"skip":true},"52":{"start":{"line":188,"column":12},"end":{"line":188,"column":48},"skip":true},"53":{"start":{"line":192,"column":8},"end":{"line":192,"column":35},"skip":true},"54":{"start":{"line":193,"column":8},"end":{"line":193,"column":14},"skip":true}},"branchMap":{"1":{"line":25,"type":"binary-expr","locations":[{"start":{"line":25,"column":23},"end":{"line":25,"column":62}},{"start":{"line":26,"column":20},"end":{"line":26,"column":70}},{"start":{"line":27,"column":20},"end":{"line":27,"column":71}},{"start":{"line":28,"column":20},"end":{"line":28,"column":29}}]},"2":{"line":30,"type":"binary-expr","locations":[{"start":{"line":30,"column":23},"end":{"line":30,"column":37}},{"start":{"line":31,"column":20},"end":{"line":31,"column":61}},{"start":{"line":32,"column":20},"end":{"line":32,"column":70}},{"start":{"line":33,"column":20},"end":{"line":33,"column":26}}]},"3":{"line":37,"type":"cond-expr","locations":[{"start":{"line":38,"column":14},"end":{"line":38,"column":20}},{"start":{"line":39,"column":14},"end":{"line":39,"column":20}}]},"4":{"line":40,"type":"switch","locations":[{"start":{"line":42,"column":8},"end":{"line":47,"column":18}},{"start":{"line":49,"column":8},"end":{"line":52,"column":18}}]},"5":{"line":44,"type":"binary-expr","locations":[{"start":{"line":44,"column":16},"end":{"line":44,"column":44}},{"start":{"line":44,"column":48},"end":{"line":44,"column":66}}]},"6":{"line":50,"type":"binary-expr","locations":[{"start":{"line":50,"column":21},"end":{"line":50,"column":49}},{"start":{"line":50,"column":53},"end":{"line":50,"column":72}}]},"7":{"line":64,"type":"switch","locations":[{"start":{"line":69,"column":4},"end":{"line":70,"column":14}},{"start":{"line":75,"column":4},"end":{"line":76,"column":14}}]},"8":{"line":85,"type":"switch","locations":[{"start":{"line":90,"column":4},"end":{"line":105,"column":14}},{"start":{"line":111,"column":4},"end":{"line":193,"column":14},"skip":true}]},"9":{"line":91,"type":"binary-expr","locations":[{"start":{"line":91,"column":42},"end":{"line":91,"column":73}},{"start":{"line":91,"column":77},"end":{"line":99,"column":9}}]},"10":{"line":102,"type":"binary-expr","locations":[{"start":{"line":102,"column":18},"end":{"line":102,"column":32}},{"start":{"line":103,"column":12},"end":{"line":103,"column":53}},{"start":{"line":104,"column":12},"end":{"line":104,"column":61}}]},"11":{"line":112,"type":"binary-expr","locations":[{"start":{"line":112,"column":45},"end":{"line":112,"column":79},"skip":true},{"start":{"line":112,"column":83},"end":{"line":121,"column":9},"skip":true}]},"12":{"line":123,"type":"binary-expr","locations":[{"start":{"line":123,"column":42},"end":{"line":123,"column":73},"skip":true},{"start":{"line":123,"column":77},"end":{"line":136,"column":9},"skip":true}]},"13":{"line":138,"type":"binary-expr","locations":[{"start":{"line":138,"column":48},"end":{"line":138,"column":85},"skip":true},{"start":{"line":139,"column":12},"end":{"line":145,"column":13},"skip":true}]},"14":{"line":147,"type":"binary-expr","locations":[{"start":{"line":147,"column":42},"end":{"line":147,"column":73},"skip":true},{"start":{"line":147,"column":77},"end":{"line":156,"column":9},"skip":true}]},"15":{"line":158,"type":"binary-expr","locations":[{"start":{"line":158,"column":45},"end":{"line":158,"column":79},"skip":true},{"start":{"line":158,"column":83},"end":{"line":167,"column":9},"skip":true}]},"16":{"line":169,"type":"binary-expr","locations":[{"start":{"line":169,"column":43},"end":{"line":169,"column":75},"skip":true},{"start":{"line":169,"column":79},"end":{"line":178,"column":9},"skip":true}]},"17":{"line":180,"type":"binary-expr","locations":[{"start":{"line":180,"column":41},"end":{"line":180,"column":71},"skip":true},{"start":{"line":180,"column":75},"end":{"line":189,"column":9},"skip":true}]}},"code":["/* istanbul instrument in package npmtest_keyword_extractor */","/*jslint","    bitwise: true,","    browser: true,","    maxerr: 8,","    maxlen: 96,","    node: true,","    nomen: true,","    regexp: true,","    stupid: true","*/","(function () {","    'use strict';","    var local;","","","","    // run shared js-env code - pre-init","    (function () {","        // init local","        local = {};","        // init modeJs","        local.modeJs = (function () {","            try {","                return typeof navigator.userAgent === 'string' &&","                    typeof document.querySelector('body') === 'object' &&","                    typeof XMLHttpRequest.prototype.open === 'function' &&","                    'browser';","            } catch (errorCaughtBrowser) {","                return module.exports &&","                    typeof process.versions.node === 'string' &&","                    typeof require('http').createServer === 'function' &&","                    'node';","            }","        }());","        // init global","        local.global = local.modeJs === 'browser'","            ? window","            : global;","        switch (local.modeJs) {","        // re-init local from window.local","        case 'browser':","            local = local.global.utility2.objectSetDefault(","                local.global.utility2_rollup || local.global.local,","                local.global.utility2","            );","            break;","        // re-init local from example.js","        case 'node':","            local = (local.global.utility2_rollup || require('utility2'))","                .requireReadme();","            break;","        }","        // export local","        local.global.local = local;","    }());","","","","    // run shared js-env code - function","    (function () {","        return;","    }());","    switch (local.modeJs) {","","","","    // run browser js-env code - function","    case 'browser':","        break;","","","","    // run node js-env code - function","    case 'node':","        break;","    }","","","","    // run shared js-env code - post-init","    (function () {","        return;","    }());","    switch (local.modeJs) {","","","","    // run browser js-env code - post-init","    case 'browser':","        local.testCase_browser_nullCase = local.testCase_browser_nullCase || function (","            options,","            onError","        ) {","        /*","         * this function will test browsers's null-case handling-behavior-behavior","         */","            onError(null, options);","        };","","        // run tests","        local.nop(local.modeTest &&","            document.querySelector('#testRunButton1') &&","            document.querySelector('#testRunButton1').click());","        break;","","","","    // run node js-env code - post-init","    /* istanbul ignore next */","    case 'node':","        local.testCase_buildApidoc_default = local.testCase_buildApidoc_default || function (","            options,","            onError","        ) {","        /*","         * this function will test buildApidoc's default handling-behavior-behavior","         */","            options = { modulePathList: module.paths };","            local.buildApidoc(options, onError);","        };","","        local.testCase_buildApp_default = local.testCase_buildApp_default || function (","            options,","            onError","        ) {","        /*","         * this function will test buildApp's default handling-behavior-behavior","         */","            local.testCase_buildReadme_default(options, local.onErrorThrow);","            local.testCase_buildLib_default(options, local.onErrorThrow);","            local.testCase_buildTest_default(options, local.onErrorThrow);","            local.testCase_buildCustomOrg_default(options, local.onErrorThrow);","            options = [];","            local.buildApp(options, onError);","        };","","        local.testCase_buildCustomOrg_default = local.testCase_buildCustomOrg_default ||","            function (options, onError) {","            /*","             * this function will test buildCustomOrg's default handling-behavior","             */","                options = {};","                local.buildCustomOrg(options, onError);","            };","","        local.testCase_buildLib_default = local.testCase_buildLib_default || function (","            options,","            onError","        ) {","        /*","         * this function will test buildLib's default handling-behavior","         */","            options = {};","            local.buildLib(options, onError);","        };","","        local.testCase_buildReadme_default = local.testCase_buildReadme_default || function (","            options,","            onError","        ) {","        /*","         * this function will test buildReadme's default handling-behavior-behavior","         */","            options = {};","            local.buildReadme(options, onError);","        };","","        local.testCase_buildTest_default = local.testCase_buildTest_default || function (","            options,","            onError","        ) {","        /*","         * this function will test buildTest's default handling-behavior","         */","            options = {};","            local.buildTest(options, onError);","        };","","        local.testCase_webpage_default = local.testCase_webpage_default || function (","            options,","            onError","        ) {","        /*","         * this function will test webpage's default handling-behavior","         */","            options = { modeCoverageMerge: true, url: local.serverLocalHost + '?modeTest=1' };","            local.browserTest(options, onError);","        };","","        // run test-server","        local.testRunServer(local);","        break;","    }","}());",""],"l":{"12":2,"14":2,"19":2,"21":2,"23":2,"24":2,"25":2,"30":1,"37":2,"40":2,"43":1,"47":1,"50":1,"52":1,"55":2,"61":2,"62":2,"64":2,"70":1,"76":1,"82":2,"83":2,"85":2,"91":1,"98":1,"102":1,"105":1,"112":1,"119":1,"120":1,"123":1,"130":1,"131":1,"132":1,"133":1,"134":1,"135":1,"138":1,"143":2,"144":2,"147":1,"154":2,"155":2,"158":1,"165":2,"166":2,"169":1,"176":2,"177":2,"180":1,"187":1,"188":1,"192":1,"193":1}},"/home/travis/build/npmtest/node-npmtest-keyword-extractor/lib.npmtest_keyword_extractor.js":{"path":"/home/travis/build/npmtest/node-npmtest-keyword-extractor/lib.npmtest_keyword_extractor.js","s":{"1":2,"2":2,"3":2,"4":2,"5":2,"6":2,"7":2,"8":1,"9":2,"10":2,"11":2,"12":2,"13":1,"14":1,"15":1,"16":1},"b":{"1":[2,1,1,1],"2":[1,1,1,1],"3":[1,1],"4":[2,2],"5":[1,1]},"f":{"1":2,"2":2,"3":2},"fnMap":{"1":{"name":"(anonymous_1)","line":12,"loc":{"start":{"line":12,"column":1},"end":{"line":12,"column":13}}},"2":{"name":"(anonymous_2)","line":19,"loc":{"start":{"line":19,"column":5},"end":{"line":19,"column":17}}},"3":{"name":"(anonymous_3)","line":23,"loc":{"start":{"line":23,"column":24},"end":{"line":23,"column":36}}}},"statementMap":{"1":{"start":{"line":12,"column":0},"end":{"line":53,"column":5}},"2":{"start":{"line":14,"column":4},"end":{"line":14,"column":14}},"3":{"start":{"line":19,"column":4},"end":{"line":52,"column":9}},"4":{"start":{"line":21,"column":8},"end":{"line":21,"column":19}},"5":{"start":{"line":23,"column":8},"end":{"line":35,"column":13}},"6":{"start":{"line":24,"column":12},"end":{"line":34,"column":13}},"7":{"start":{"line":25,"column":16},"end":{"line":28,"column":30}},"8":{"start":{"line":30,"column":16},"end":{"line":33,"column":27}},"9":{"start":{"line":37,"column":8},"end":{"line":39,"column":21}},"10":{"start":{"line":41,"column":8},"end":{"line":41,"column":54}},"11":{"start":{"line":43,"column":8},"end":{"line":43,"column":62}},"12":{"start":{"line":45,"column":8},"end":{"line":51,"column":9}},"13":{"start":{"line":46,"column":12},"end":{"line":46,"column":68}},"14":{"start":{"line":48,"column":12},"end":{"line":48,"column":35}},"15":{"start":{"line":49,"column":12},"end":{"line":49,"column":49}},"16":{"start":{"line":50,"column":12},"end":{"line":50,"column":43}}},"branchMap":{"1":{"line":25,"type":"binary-expr","locations":[{"start":{"line":25,"column":23},"end":{"line":25,"column":62}},{"start":{"line":26,"column":20},"end":{"line":26,"column":70}},{"start":{"line":27,"column":20},"end":{"line":27,"column":71}},{"start":{"line":28,"column":20},"end":{"line":28,"column":29}}]},"2":{"line":30,"type":"binary-expr","locations":[{"start":{"line":30,"column":23},"end":{"line":30,"column":37}},{"start":{"line":31,"column":20},"end":{"line":31,"column":61}},{"start":{"line":32,"column":20},"end":{"line":32,"column":70}},{"start":{"line":33,"column":20},"end":{"line":33,"column":26}}]},"3":{"line":37,"type":"cond-expr","locations":[{"start":{"line":38,"column":14},"end":{"line":38,"column":20}},{"start":{"line":39,"column":14},"end":{"line":39,"column":20}}]},"4":{"line":41,"type":"binary-expr","locations":[{"start":{"line":41,"column":16},"end":{"line":41,"column":44}},{"start":{"line":41,"column":48},"end":{"line":41,"column":53}}]},"5":{"line":45,"type":"if","locations":[{"start":{"line":45,"column":8},"end":{"line":45,"column":8}},{"start":{"line":45,"column":8},"end":{"line":45,"column":8}}]}},"code":["/* istanbul instrument in package npmtest_keyword_extractor */","/*jslint","    bitwise: true,","    browser: true,","    maxerr: 8,","    maxlen: 96,","    node: true,","    nomen: true,","    regexp: true,","    stupid: true","*/","(function () {","    'use strict';","    var local;","","","","    // run shared js-env code - pre-init","    (function () {","        // init local","        local = {};","        // init modeJs","        local.modeJs = (function () {","            try {","                return typeof navigator.userAgent === 'string' &&","                    typeof document.querySelector('body') === 'object' &&","                    typeof XMLHttpRequest.prototype.open === 'function' &&","                    'browser';","            } catch (errorCaughtBrowser) {","                return module.exports &&","                    typeof process.versions.node === 'string' &&","                    typeof require('http').createServer === 'function' &&","                    'node';","            }","        }());","        // init global","        local.global = local.modeJs === 'browser'","            ? window","            : global;","        // init utility2_rollup","        local = local.global.utility2_rollup || local;","        // init lib","        local.local = local.npmtest_keyword_extractor = local;","        // init exports","        if (local.modeJs === 'browser') {","            local.global.utility2_npmtest_keyword_extractor = local;","        } else {","            module.exports = local;","            module.exports.__dirname = __dirname;","            module.exports.module = module;","        }","    }());","}());",""],"l":{"12":2,"14":2,"19":2,"21":2,"23":2,"24":2,"25":2,"30":1,"37":2,"41":2,"43":2,"45":2,"46":1,"48":1,"49":1,"50":1}},"/home/travis/build/npmtest/node-npmtest-keyword-extractor/example.js":{"path":"/home/travis/build/npmtest/node-npmtest-keyword-extractor/example.js","s":{"1":2,"2":2,"3":2,"4":2,"5":2,"6":2,"7":2,"8":1,"9":2,"10":2,"11":2,"12":2,"13":1,"14":2,"15":2,"16":2,"17":2,"18":2,"19":0,"20":2,"21":1,"22":1,"23":1,"24":1,"25":1,"26":0,"27":0,"28":1,"29":1,"30":2,"31":0,"32":0,"33":0,"34":1,"35":2,"36":2,"37":3,"38":3,"39":3,"40":3,"41":0,"42":3,"43":3,"44":3,"45":1,"46":3,"47":1,"48":1,"49":1,"50":1,"51":1,"52":1,"53":1,"54":1,"55":1,"56":1,"57":0,"58":1,"59":6,"60":6,"61":1,"62":2,"63":0,"64":2,"65":1,"66":1,"67":0,"68":0,"69":0,"70":0,"71":0,"72":0,"73":0,"74":0,"75":0,"76":0,"77":0,"78":0,"79":0,"80":0,"81":0,"82":0,"83":0},"b":{"1":[2,1,1,1],"2":[1,1,1,1],"3":[1,1],"4":[2,2],"5":[1,1],"6":[1,1],"7":[2,0],"8":[2,1,1,1,1,1],"9":[0,2,0],"10":[1,1],"11":[2,1,1],"12":[1,0],"13":[0,2],"14":[2,0,0,0,0,0,0],"15":[0,3],"16":[3,0],"17":[1,1],"18":[0,1],"19":[1,2,0,2],"20":[1,0],"21":[1,1],"22":[0,0],"23":[0,0],"24":[0,0],"25":[0,0],"26":[0,0],"27":[0,0],"28":[0,0]},"f":{"1":2,"2":2,"3":2,"4":2,"5":2,"6":2,"7":3,"8":3,"9":3,"10":1,"11":6,"12":0},"fnMap":{"1":{"name":"(anonymous_1)","line":26,"loc":{"start":{"line":26,"column":1},"end":{"line":26,"column":13}}},"2":{"name":"(anonymous_2)","line":33,"loc":{"start":{"line":33,"column":5},"end":{"line":33,"column":17}}},"3":{"name":"(anonymous_3)","line":37,"loc":{"start":{"line":37,"column":24},"end":{"line":37,"column":36}}},"4":{"name":"(anonymous_4)","line":69,"loc":{"start":{"line":69,"column":31},"end":{"line":69,"column":48}},"skip":true},"5":{"name":"(anonymous_5)","line":78,"loc":{"start":{"line":78,"column":26},"end":{"line":78,"column":45}},"skip":true},"6":{"name":"(anonymous_6)","line":123,"loc":{"start":{"line":123,"column":33},"end":{"line":123,"column":48}},"skip":true},"7":{"name":"(anonymous_7)","line":125,"loc":{"start":{"line":125,"column":27},"end":{"line":125,"column":39}},"skip":true},"8":{"name":"(anonymous_8)","line":133,"loc":{"start":{"line":133,"column":59},"end":{"line":133,"column":74}},"skip":true},"9":{"name":"(anonymous_9)","line":143,"loc":{"start":{"line":143,"column":45},"end":{"line":143,"column":62}},"skip":true},"10":{"name":"(anonymous_10)","line":144,"loc":{"start":{"line":144,"column":73},"end":{"line":144,"column":92}},"skip":true},"11":{"name":"(anonymous_11)","line":272,"loc":{"start":{"line":272,"column":51},"end":{"line":272,"column":77}},"skip":true},"12":{"name":"(anonymous_12)","line":315,"loc":{"start":{"line":315,"column":32},"end":{"line":315,"column":61}},"skip":true}},"statementMap":{"1":{"start":{"line":26,"column":0},"end":{"line":326,"column":5}},"2":{"start":{"line":28,"column":4},"end":{"line":28,"column":14}},"3":{"start":{"line":33,"column":4},"end":{"line":60,"column":9}},"4":{"start":{"line":35,"column":8},"end":{"line":35,"column":19}},"5":{"start":{"line":37,"column":8},"end":{"line":49,"column":13}},"6":{"start":{"line":38,"column":12},"end":{"line":48,"column":13}},"7":{"start":{"line":39,"column":16},"end":{"line":42,"column":30}},"8":{"start":{"line":44,"column":16},"end":{"line":47,"column":27}},"9":{"start":{"line":51,"column":8},"end":{"line":53,"column":21}},"10":{"start":{"line":55,"column":8},"end":{"line":57,"column":45}},"11":{"start":{"line":59,"column":8},"end":{"line":59,"column":35}},"12":{"start":{"line":61,"column":4},"end":{"line":325,"column":5}},"13":{"start":{"line":69,"column":8},"end":{"line":121,"column":10},"skip":true},"14":{"start":{"line":70,"column":12},"end":{"line":88,"column":13},"skip":true},"15":{"start":{"line":76,"column":16},"end":{"line":87,"column":19},"skip":true},"16":{"start":{"line":79,"column":20},"end":{"line":86,"column":21},"skip":true},"17":{"start":{"line":82,"column":24},"end":{"line":82,"column":43},"skip":true},"18":{"start":{"line":83,"column":24},"end":{"line":83,"column":30},"skip":true},"19":{"start":{"line":85,"column":24},"end":{"line":85,"column":49},"skip":true},"20":{"start":{"line":89,"column":12},"end":{"line":107,"column":13},"skip":true},"21":{"start":{"line":92,"column":16},"end":{"line":102,"column":17},"skip":true},"22":{"start":{"line":93,"column":20},"end":{"line":93,"column":86},"skip":true},"23":{"start":{"line":94,"column":20},"end":{"line":95,"column":45},"skip":true},"24":{"start":{"line":96,"column":20},"end":{"line":96,"column":42},"skip":true},"25":{"start":{"line":97,"column":20},"end":{"line":97,"column":48},"skip":true},"26":{"start":{"line":100,"column":20},"end":{"line":100,"column":85},"skip":true},"27":{"start":{"line":101,"column":20},"end":{"line":101,"column":96},"skip":true},"28":{"start":{"line":103,"column":16},"end":{"line":103,"column":22},"skip":true},"29":{"start":{"line":106,"column":16},"end":{"line":106,"column":22},"skip":true},"30":{"start":{"line":108,"column":12},"end":{"line":120,"column":13},"skip":true},"31":{"start":{"line":114,"column":16},"end":{"line":119,"column":17},"skip":true},"32":{"start":{"line":116,"column":20},"end":{"line":116,"column":78},"skip":true},"33":{"start":{"line":118,"column":20},"end":{"line":118,"column":47},"skip":true},"34":{"start":{"line":123,"column":8},"end":{"line":141,"column":11},"skip":true},"35":{"start":{"line":124,"column":12},"end":{"line":124,"column":54},"skip":true},"36":{"start":{"line":125,"column":12},"end":{"line":140,"column":14},"skip":true},"37":{"start":{"line":126,"column":16},"end":{"line":126,"column":28},"skip":true},"38":{"start":{"line":127,"column":16},"end":{"line":127,"column":69},"skip":true},"39":{"start":{"line":128,"column":16},"end":{"line":128,"column":75},"skip":true},"40":{"start":{"line":129,"column":16},"end":{"line":131,"column":17},"skip":true},"41":{"start":{"line":130,"column":20},"end":{"line":130,"column":27},"skip":true},"42":{"start":{"line":133,"column":16},"end":{"line":137,"column":36},"skip":true},"43":{"start":{"line":134,"column":20},"end":{"line":136,"column":55},"skip":true},"44":{"start":{"line":139,"column":16},"end":{"line":139,"column":57},"skip":true},"45":{"start":{"line":143,"column":8},"end":{"line":147,"column":11},"skip":true},"46":{"start":{"line":144,"column":12},"end":{"line":146,"column":15},"skip":true},"47":{"start":{"line":145,"column":16},"end":{"line":145,"column":70},"skip":true},"48":{"start":{"line":149,"column":8},"end":{"line":149,"column":31},"skip":true},"49":{"start":{"line":150,"column":8},"end":{"line":150,"column":14},"skip":true},"50":{"start":{"line":158,"column":8},"end":{"line":158,"column":31},"skip":true},"51":{"start":{"line":160,"column":8},"end":{"line":160,"column":33},"skip":true},"52":{"start":{"line":161,"column":8},"end":{"line":161,"column":37},"skip":true},"53":{"start":{"line":162,"column":8},"end":{"line":162,"column":35},"skip":true},"54":{"start":{"line":164,"column":8},"end":{"line":164,"column":50},"skip":true},"55":{"start":{"line":166,"column":8},"end":{"line":256,"column":2},"skip":true},"56":{"start":{"line":258,"column":8},"end":{"line":286,"column":9},"skip":true},"57":{"start":{"line":259,"column":12},"end":{"line":269,"column":14},"skip":true},"58":{"start":{"line":271,"column":12},"end":{"line":285,"column":19},"skip":true},"59":{"start":{"line":274,"column":20},"end":{"line":274,"column":35},"skip":true},"60":{"start":{"line":275,"column":20},"end":{"line":284,"column":21},"skip":true},"61":{"start":{"line":277,"column":24},"end":{"line":277,"column":64},"skip":true},"62":{"start":{"line":279,"column":24},"end":{"line":279,"column":40},"skip":true},"63":{"start":{"line":281,"column":24},"end":{"line":281,"column":40},"skip":true},"64":{"start":{"line":283,"column":24},"end":{"line":283,"column":39},"skip":true},"65":{"start":{"line":288,"column":8},"end":{"line":290,"column":9},"skip":true},"66":{"start":{"line":289,"column":12},"end":{"line":289,"column":18},"skip":true},"67":{"start":{"line":291,"column":8},"end":{"line":293,"column":54},"skip":true},"68":{"start":{"line":296,"column":8},"end":{"line":301,"column":37},"skip":true},"69":{"start":{"line":303,"column":8},"end":{"line":303,"column":82},"skip":true},"70":{"start":{"line":306,"column":8},"end":{"line":308,"column":9},"skip":true},"71":{"start":{"line":307,"column":12},"end":{"line":307,"column":82},"skip":true},"72":{"start":{"line":310,"column":8},"end":{"line":312,"column":9},"skip":true},"73":{"start":{"line":311,"column":12},"end":{"line":311,"column":18},"skip":true},"74":{"start":{"line":313,"column":8},"end":{"line":313,"column":54},"skip":true},"75":{"start":{"line":314,"column":8},"end":{"line":314,"column":69},"skip":true},"76":{"start":{"line":315,"column":8},"end":{"line":323,"column":36},"skip":true},"77":{"start":{"line":316,"column":12},"end":{"line":316,"column":61},"skip":true},"78":{"start":{"line":317,"column":12},"end":{"line":320,"column":13},"skip":true},"79":{"start":{"line":318,"column":16},"end":{"line":318,"column":75},"skip":true},"80":{"start":{"line":319,"column":16},"end":{"line":319,"column":23},"skip":true},"81":{"start":{"line":321,"column":12},"end":{"line":321,"column":38},"skip":true},"82":{"start":{"line":322,"column":12},"end":{"line":322,"column":27},"skip":true},"83":{"start":{"line":324,"column":8},"end":{"line":324,"column":14},"skip":true}},"branchMap":{"1":{"line":39,"type":"binary-expr","locations":[{"start":{"line":39,"column":23},"end":{"line":39,"column":62}},{"start":{"line":40,"column":20},"end":{"line":40,"column":70}},{"start":{"line":41,"column":20},"end":{"line":41,"column":71}},{"start":{"line":42,"column":20},"end":{"line":42,"column":29}}]},"2":{"line":44,"type":"binary-expr","locations":[{"start":{"line":44,"column":23},"end":{"line":44,"column":37}},{"start":{"line":45,"column":20},"end":{"line":45,"column":61}},{"start":{"line":46,"column":20},"end":{"line":46,"column":70}},{"start":{"line":47,"column":20},"end":{"line":47,"column":26}}]},"3":{"line":51,"type":"cond-expr","locations":[{"start":{"line":52,"column":14},"end":{"line":52,"column":20}},{"start":{"line":53,"column":14},"end":{"line":53,"column":20}}]},"4":{"line":55,"type":"binary-expr","locations":[{"start":{"line":55,"column":16},"end":{"line":55,"column":44}},{"start":{"line":55,"column":49},"end":{"line":57,"column":43}}]},"5":{"line":55,"type":"cond-expr","locations":[{"start":{"line":56,"column":14},"end":{"line":56,"column":61}},{"start":{"line":57,"column":14},"end":{"line":57,"column":43}}]},"6":{"line":61,"type":"switch","locations":[{"start":{"line":68,"column":4},"end":{"line":150,"column":14},"skip":true},{"start":{"line":156,"column":4},"end":{"line":324,"column":14},"skip":true}]},"7":{"line":70,"type":"if","locations":[{"start":{"line":70,"column":12},"end":{"line":70,"column":12},"skip":true},{"start":{"line":70,"column":12},"end":{"line":70,"column":12},"skip":true}]},"8":{"line":70,"type":"binary-expr","locations":[{"start":{"line":70,"column":16},"end":{"line":70,"column":22},"skip":true},{"start":{"line":70,"column":27},"end":{"line":70,"column":32},"skip":true},{"start":{"line":71,"column":20},"end":{"line":71,"column":39},"skip":true},{"start":{"line":72,"column":20},"end":{"line":72,"column":49},"skip":true},{"start":{"line":73,"column":20},"end":{"line":73,"column":58},"skip":true},{"start":{"line":74,"column":20},"end":{"line":74,"column":69},"skip":true}]},"9":{"line":79,"type":"switch","locations":[{"start":{"line":80,"column":20},"end":{"line":80,"column":33},"skip":true},{"start":{"line":81,"column":20},"end":{"line":83,"column":30},"skip":true},{"start":{"line":84,"column":20},"end":{"line":85,"column":49},"skip":true}]},"10":{"line":89,"type":"switch","locations":[{"start":{"line":90,"column":12},"end":{"line":103,"column":22},"skip":true},{"start":{"line":105,"column":12},"end":{"line":106,"column":22},"skip":true}]},"11":{"line":89,"type":"binary-expr","locations":[{"start":{"line":89,"column":20},"end":{"line":89,"column":25},"skip":true},{"start":{"line":89,"column":29},"end":{"line":89,"column":48},"skip":true},{"start":{"line":89,"column":52},"end":{"line":89,"column":74},"skip":true}]},"12":{"line":92,"type":"if","locations":[{"start":{"line":92,"column":16},"end":{"line":92,"column":16},"skip":true},{"start":{"line":92,"column":16},"end":{"line":92,"column":16},"skip":true}]},"13":{"line":108,"type":"if","locations":[{"start":{"line":108,"column":12},"end":{"line":108,"column":12},"skip":true},{"start":{"line":108,"column":12},"end":{"line":108,"column":12},"skip":true}]},"14":{"line":108,"type":"binary-expr","locations":[{"start":{"line":108,"column":16},"end":{"line":108,"column":61},"skip":true},{"start":{"line":108,"column":66},"end":{"line":108,"column":72},"skip":true},{"start":{"line":108,"column":77},"end":{"line":108,"column":82},"skip":true},{"start":{"line":109,"column":20},"end":{"line":109,"column":39},"skip":true},{"start":{"line":110,"column":20},"end":{"line":110,"column":49},"skip":true},{"start":{"line":111,"column":20},"end":{"line":111,"column":58},"skip":true},{"start":{"line":112,"column":20},"end":{"line":112,"column":68},"skip":true}]},"15":{"line":129,"type":"if","locations":[{"start":{"line":129,"column":16},"end":{"line":129,"column":16},"skip":true},{"start":{"line":129,"column":16},"end":{"line":129,"column":16},"skip":true}]},"16":{"line":134,"type":"cond-expr","locations":[{"start":{"line":135,"column":26},"end":{"line":135,"column":29},"skip":true},{"start":{"line":136,"column":26},"end":{"line":136,"column":54},"skip":true}]},"17":{"line":164,"type":"binary-expr","locations":[{"start":{"line":164,"column":27},"end":{"line":164,"column":43},"skip":true},{"start":{"line":164,"column":47},"end":{"line":164,"column":49},"skip":true}]},"18":{"line":258,"type":"if","locations":[{"start":{"line":258,"column":8},"end":{"line":258,"column":8},"skip":true},{"start":{"line":258,"column":8},"end":{"line":258,"column":8},"skip":true}]},"19":{"line":275,"type":"switch","locations":[{"start":{"line":276,"column":20},"end":{"line":277,"column":64},"skip":true},{"start":{"line":278,"column":20},"end":{"line":279,"column":40},"skip":true},{"start":{"line":280,"column":20},"end":{"line":281,"column":40},"skip":true},{"start":{"line":282,"column":20},"end":{"line":283,"column":39},"skip":true}]},"20":{"line":288,"type":"if","locations":[{"start":{"line":288,"column":8},"end":{"line":288,"column":8},"skip":true},{"start":{"line":288,"column":8},"end":{"line":288,"column":8},"skip":true}]},"21":{"line":288,"type":"binary-expr","locations":[{"start":{"line":288,"column":12},"end":{"line":288,"column":40},"skip":true},{"start":{"line":288,"column":44},"end":{"line":288,"column":67},"skip":true}]},"22":{"line":292,"type":"binary-expr","locations":[{"start":{"line":292,"column":12},"end":{"line":292,"column":50},"skip":true},{"start":{"line":293,"column":12},"end":{"line":293,"column":53},"skip":true}]},"23":{"line":297,"type":"binary-expr","locations":[{"start":{"line":297,"column":12},"end":{"line":297,"column":75},"skip":true},{"start":{"line":298,"column":12},"end":{"line":301,"column":36},"skip":true}]},"24":{"line":303,"type":"binary-expr","locations":[{"start":{"line":303,"column":43},"end":{"line":303,"column":75},"skip":true},{"start":{"line":303,"column":79},"end":{"line":303,"column":81},"skip":true}]},"25":{"line":306,"type":"if","locations":[{"start":{"line":306,"column":8},"end":{"line":306,"column":8},"skip":true},{"start":{"line":306,"column":8},"end":{"line":306,"column":8},"skip":true}]},"26":{"line":310,"type":"if","locations":[{"start":{"line":310,"column":8},"end":{"line":310,"column":8},"skip":true},{"start":{"line":310,"column":8},"end":{"line":310,"column":8},"skip":true}]},"27":{"line":313,"type":"binary-expr","locations":[{"start":{"line":313,"column":27},"end":{"line":313,"column":43},"skip":true},{"start":{"line":313,"column":47},"end":{"line":313,"column":53},"skip":true}]},"28":{"line":317,"type":"if","locations":[{"start":{"line":317,"column":12},"end":{"line":317,"column":12},"skip":true},{"start":{"line":317,"column":12},"end":{"line":317,"column":12},"skip":true}]}},"code":["/*","example.js","","quickstart example","","instruction","    1. save this script as example.js","    2. run the shell command:","        $ npm install npmtest-keyword-extractor && PORT=8081 node example.js","    3. play with the browser-demo on http://127.0.0.1:8081","*/","","","","/* istanbul instrument in package npmtest_keyword_extractor */","/*jslint","    bitwise: true,","    browser: true,","    maxerr: 8,","    maxlen: 96,","    node: true,","    nomen: true,","    regexp: true,","    stupid: true","*/","(function () {","    'use strict';","    var local;","","","","    // run shared js-env code - pre-init","    (function () {","        // init local","        local = {};","        // init modeJs","        local.modeJs = (function () {","            try {","                return typeof navigator.userAgent === 'string' &&","                    typeof document.querySelector('body') === 'object' &&","                    typeof XMLHttpRequest.prototype.open === 'function' &&","                    'browser';","            } catch (errorCaughtBrowser) {","                return module.exports &&","                    typeof process.versions.node === 'string' &&","                    typeof require('http').createServer === 'function' &&","                    'node';","            }","        }());","        // init global","        local.global = local.modeJs === 'browser'","            ? window","            : global;","        // init utility2_rollup","        local = local.global.utility2_rollup || (local.modeJs === 'browser'","            ? local.global.utility2_npmtest_keyword_extractor","            : global.utility2_moduleExports);","        // export local","        local.global.local = local;","    }());","    switch (local.modeJs) {","","","","    // post-init","    // run browser js-env code - post-init","    /* istanbul ignore next */","    case 'browser':","        local.testRunBrowser = function (event) {","            if (!event || (event &&","                    event.currentTarget &&","                    event.currentTarget.className &&","                    event.currentTarget.className.includes &&","                    event.currentTarget.className.includes('onreset'))) {","                // reset output","                Array.from(","                    document.querySelectorAll('body > .resettable')","                ).forEach(function (element) {","                    switch (element.tagName) {","                    case 'INPUT':","                    case 'TEXTAREA':","                        element.value = '';","                        break;","                    default:","                        element.textContent = '';","                    }","                });","            }","            switch (event && event.currentTarget && event.currentTarget.id) {","            case 'testRunButton1':","                // show tests","                if (document.querySelector('#testReportDiv1').style.display === 'none') {","                    document.querySelector('#testReportDiv1').style.display = 'block';","                    document.querySelector('#testRunButton1').textContent =","                        'hide internal test';","                    local.modeTest = true;","                    local.testRunDefault(local);","                // hide tests","                } else {","                    document.querySelector('#testReportDiv1').style.display = 'none';","                    document.querySelector('#testRunButton1').textContent = 'run internal test';","                }","                break;","            // custom-case","            default:","                break;","            }","            if (document.querySelector('#inputTextareaEval1') && (!event || (event &&","                    event.currentTarget &&","                    event.currentTarget.className &&","                    event.currentTarget.className.includes &&","                    event.currentTarget.className.includes('oneval')))) {","                // try to eval input-code","                try {","                    /*jslint evil: true*/","                    eval(document.querySelector('#inputTextareaEval1').value);","                } catch (errorCaught) {","                    console.error(errorCaught);","                }","            }","        };","        // log stderr and stdout to #outputTextareaStdout1","        ['error', 'log'].forEach(function (key) {","            console[key + '_original'] = console[key];","            console[key] = function () {","                var element;","                console[key + '_original'].apply(console, arguments);","                element = document.querySelector('#outputTextareaStdout1');","                if (!element) {","                    return;","                }","                // append text to #outputTextareaStdout1","                element.value += Array.from(arguments).map(function (arg) {","                    return typeof arg === 'string'","                        ? arg","                        : JSON.stringify(arg, null, 4);","                }).join(' ') + '\\n';","                // scroll textarea to bottom","                element.scrollTop = element.scrollHeight;","            };","        });","        // init event-handling","        ['change', 'click', 'keyup'].forEach(function (event) {","            Array.from(document.querySelectorAll('.on' + event)).forEach(function (element) {","                element.addEventListener(event, local.testRunBrowser);","            });","        });","        // run tests","        local.testRunBrowser();","        break;","","","","    // run node js-env code - post-init","    /* istanbul ignore next */","    case 'node':","        // export local","        module.exports = local;","        // require modules","        local.fs = require('fs');","        local.http = require('http');","        local.url = require('url');","        // init assets","        local.assetsDict = local.assetsDict || {};","        /* jslint-ignore-begin */","        local.assetsDict['/assets.index.template.html'] = '\\","<!doctype html>\\n\\","<html lang=\"en\">\\n\\","<head>\\n\\","<meta charset=\"UTF-8\">\\n\\","<meta name=\"viewport\" content=\"width=device-width, initial-scale=1\">\\n\\","<title>{{env.npm_package_name}} (v{{env.npm_package_version}})</title>\\n\\","<style>\\n\\","/*csslint\\n\\","    box-sizing: false,\\n\\","    universal-selector: false\\n\\","*/\\n\\","* {\\n\\","    box-sizing: border-box;\\n\\","}\\n\\","body {\\n\\","    background: #dde;\\n\\","    font-family: Arial, Helvetica, sans-serif;\\n\\","    margin: 2rem;\\n\\","}\\n\\","body > * {\\n\\","    margin-bottom: 1rem;\\n\\","}\\n\\",".utility2FooterDiv {\\n\\","    margin-top: 20px;\\n\\","    text-align: center;\\n\\","}\\n\\","</style>\\n\\","<style>\\n\\","/*csslint\\n\\","*/\\n\\","textarea {\\n\\","    font-family: monospace;\\n\\","    height: 10rem;\\n\\","    width: 100%;\\n\\","}\\n\\","textarea[readonly] {\\n\\","    background: #ddd;\\n\\","}\\n\\","</style>\\n\\","</head>\\n\\","<body>\\n\\","<!-- utility2-comment\\n\\","<div id=\"ajaxProgressDiv1\" style=\"background: #d00; height: 2px; left: 0; margin: 0; padding: 0; position: fixed; top: 0; transition: background 0.5s, width 1.5s; width: 25%;\"></div>\\n\\","utility2-comment -->\\n\\","<h1>\\n\\","<!-- utility2-comment\\n\\","    <a\\n\\","        {{#if env.npm_package_homepage}}\\n\\","        href=\"{{env.npm_package_homepage}}\"\\n\\","        {{/if env.npm_package_homepage}}\\n\\","        target=\"_blank\"\\n\\","    >\\n\\","utility2-comment -->\\n\\","        {{env.npm_package_name}} (v{{env.npm_package_version}})\\n\\","<!-- utility2-comment\\n\\","    </a>\\n\\","utility2-comment -->\\n\\","</h1>\\n\\","<h3>{{env.npm_package_description}}</h3>\\n\\","<!-- utility2-comment\\n\\","<h4><a download href=\"assets.app.js\">download standalone app</a></h4>\\n\\","<button class=\"onclick onreset\" id=\"testRunButton1\">run internal test</button><br>\\n\\","<div id=\"testReportDiv1\" style=\"display: none;\"></div>\\n\\","utility2-comment -->\\n\\","\\n\\","\\n\\","\\n\\","<label>stderr and stdout</label>\\n\\","<textarea class=\"resettable\" id=\"outputTextareaStdout1\" readonly></textarea>\\n\\","<!-- utility2-comment\\n\\","{{#if isRollup}}\\n\\","<script src=\"assets.app.js\"></script>\\n\\","{{#unless isRollup}}\\n\\","utility2-comment -->\\n\\","<script src=\"assets.utility2.rollup.js\"></script>\\n\\","<script src=\"jsonp.utility2._stateInit?callback=window.utility2._stateInit\"></script>\\n\\","<script src=\"assets.npmtest_keyword_extractor.rollup.js\"></script>\\n\\","<script src=\"assets.example.js\"></script>\\n\\","<script src=\"assets.test.js\"></script>\\n\\","<!-- utility2-comment\\n\\","{{/if isRollup}}\\n\\","utility2-comment -->\\n\\","<div class=\"utility2FooterDiv\">\\n\\","    [ this app was created with\\n\\","    <a href=\"https://github.com/kaizhu256/node-utility2\" target=\"_blank\">utility2</a>\\n\\","    ]\\n\\","</div>\\n\\","</body>\\n\\","</html>\\n\\","';","        /* jslint-ignore-end */","        if (local.templateRender) {","            local.assetsDict['/'] = local.templateRender(","                local.assetsDict['/assets.index.template.html'],","                {","                    env: local.objectSetDefault(local.env, {","                        npm_package_description: 'the greatest app in the world!',","                        npm_package_name: 'my-app',","                        npm_package_nameAlias: 'my_app',","                        npm_package_version: '0.0.1'","                    })","                }","            );","        } else {","            local.assetsDict['/'] = local.assetsDict['/assets.index.template.html']","                .replace((/\\{\\{env\\.(\\w+?)\\}\\}/g), function (match0, match1) {","                    // jslint-hack","                    String(match0);","                    switch (match1) {","                    case 'npm_package_description':","                        return 'the greatest app in the world!';","                    case 'npm_package_name':","                        return 'my-app';","                    case 'npm_package_nameAlias':","                        return 'my_app';","                    case 'npm_package_version':","                        return '0.0.1';","                    }","                });","        }","        // run the cli","        if (local.global.utility2_rollup || module !== require.main) {","            break;","        }","        local.assetsDict['/assets.example.js'] =","            local.assetsDict['/assets.example.js'] ||","            local.fs.readFileSync(__filename, 'utf8');","        // bug-workaround - long $npm_package_buildCustomOrg","        /* jslint-ignore-begin */","        local.assetsDict['/assets.npmtest_keyword_extractor.rollup.js'] =","            local.assetsDict['/assets.npmtest_keyword_extractor.rollup.js'] ||","            local.fs.readFileSync(","                local.npmtest_keyword_extractor.__dirname + '/lib.npmtest_keyword_extractor.js',","                'utf8'","            ).replace((/^#!/), '//');","        /* jslint-ignore-end */","        local.assetsDict['/favicon.ico'] = local.assetsDict['/favicon.ico'] || '';","        // if $npm_config_timeout_exit exists,","        // then exit this process after $npm_config_timeout_exit ms","        if (Number(process.env.npm_config_timeout_exit)) {","            setTimeout(process.exit, Number(process.env.npm_config_timeout_exit));","        }","        // start server","        if (local.global.utility2_serverHttp1) {","            break;","        }","        process.env.PORT = process.env.PORT || '8081';","        console.error('server starting on port ' + process.env.PORT);","        local.http.createServer(function (request, response) {","            request.urlParsed = local.url.parse(request.url);","            if (local.assetsDict[request.urlParsed.pathname] !== undefined) {","                response.end(local.assetsDict[request.urlParsed.pathname]);","                return;","            }","            response.statusCode = 404;","            response.end();","        }).listen(process.env.PORT);","        break;","    }","}());",""],"l":{"26":2,"28":2,"33":2,"35":2,"37":2,"38":2,"39":2,"44":1,"51":2,"55":2,"59":2,"61":2,"69":1,"70":2,"76":2,"79":2,"82":2,"83":2,"85":1,"89":2,"92":1,"93":1,"94":1,"96":1,"97":1,"100":1,"101":1,"103":1,"106":1,"108":2,"114":1,"116":1,"118":1,"123":1,"124":2,"125":2,"126":3,"127":3,"128":3,"129":3,"130":1,"133":3,"134":3,"139":3,"143":1,"144":3,"145":1,"149":1,"150":1,"158":1,"160":1,"161":1,"162":1,"164":1,"166":1,"258":1,"259":1,"271":1,"274":6,"275":6,"277":1,"279":2,"281":1,"283":2,"288":1,"289":1,"291":1,"296":1,"303":1,"306":1,"307":1,"310":1,"311":1,"313":1,"314":1,"315":1,"316":1,"317":1,"318":1,"319":1,"321":1,"322":1,"324":1}},"/home/travis/build/npmtest/node-npmtest-keyword-extractor/node_modules/keyword-extractor/index.js":{"path":"/home/travis/build/npmtest/node-npmtest-keyword-extractor/node_modules/keyword-extractor/index.js","s":{"1":1},"b":{},"f":{},"fnMap":{},"statementMap":{"1":{"start":{"line":1,"column":0},"end":{"line":1,"column":52}}},"branchMap":{},"code":["module.exports = require('./lib/keyword_extractor');"],"l":{"1":1}},"/home/travis/build/npmtest/node-npmtest-keyword-extractor/node_modules/keyword-extractor/lib/keyword_extractor.js":{"path":"/home/travis/build/npmtest/node-npmtest-keyword-extractor/node_modules/keyword-extractor/lib/keyword_extractor.js","s":{"1":1,"2":1,"3":1,"4":1,"5":1,"6":0,"7":0,"8":0,"9":0,"10":0,"11":0,"12":0,"13":0,"14":0,"15":0,"16":0,"17":0,"18":0,"19":0,"20":0,"21":0,"22":0,"23":0,"24":0,"25":0,"26":0,"27":0,"28":0,"29":0,"30":0,"31":0,"32":0,"33":0,"34":0,"35":0,"36":0,"37":0,"38":0,"39":0,"40":0,"41":0,"42":0,"43":0,"44":0,"45":0,"46":0,"47":0,"48":1,"49":0,"50":0,"51":0,"52":0,"53":0,"54":1},"b":{"1":[0,0],"2":[0,0],"3":[0,0],"4":[0,0],"5":[0,0],"6":[0,0],"7":[0,0],"8":[0,0],"9":[0,0],"10":[0,0,0],"11":[0,0],"12":[0,0],"13":[0,0],"14":[0,0],"15":[0,0],"16":[0,0],"17":[0,0],"18":[0,0],"19":[0,0],"20":[0,0],"21":[0,0],"22":[0,0],"23":[0,0]},"f":{"1":0,"2":0,"3":0},"fnMap":{"1":{"name":"_extract","line":6,"loc":{"start":{"line":6,"column":0},"end":{"line":6,"column":31}}},"2":{"name":"(anonymous_2)","line":72,"loc":{"start":{"line":72,"column":37},"end":{"line":72,"column":53}}},"3":{"name":"_getStopwords","line":81,"loc":{"start":{"line":81,"column":0},"end":{"line":81,"column":31}}}},"statementMap":{"1":{"start":{"line":1,"column":0},"end":{"line":1,"column":30}},"2":{"start":{"line":2,"column":0},"end":{"line":2,"column":37}},"3":{"start":{"line":3,"column":0},"end":{"line":3,"column":146}},"4":{"start":{"line":4,"column":0},"end":{"line":4,"column":49}},"5":{"start":{"line":6,"column":0},"end":{"line":79,"column":1}},"6":{"start":{"line":7,"column":4},"end":{"line":9,"column":5}},"7":{"start":{"line":8,"column":8},"end":{"line":8,"column":18}},"8":{"start":{"line":10,"column":4},"end":{"line":15,"column":5}},"9":{"start":{"line":11,"column":8},"end":{"line":14,"column":10}},"10":{"start":{"line":16,"column":4},"end":{"line":16,"column":58}},"11":{"start":{"line":17,"column":4},"end":{"line":17,"column":60}},"12":{"start":{"line":18,"column":4},"end":{"line":18,"column":46}},"13":{"start":{"line":19,"column":4},"end":{"line":19,"column":50}},"14":{"start":{"line":20,"column":4},"end":{"line":20,"column":64}},"15":{"start":{"line":22,"column":4},"end":{"line":24,"column":5}},"16":{"start":{"line":23,"column":8},"end":{"line":23,"column":87}},"17":{"start":{"line":27,"column":4},"end":{"line":27,"column":48}},"18":{"start":{"line":28,"column":4},"end":{"line":78,"column":5}},"19":{"start":{"line":29,"column":8},"end":{"line":29,"column":18}},"20":{"start":{"line":31,"column":8},"end":{"line":31,"column":37}},"21":{"start":{"line":32,"column":8},"end":{"line":32,"column":33}},"22":{"start":{"line":33,"column":8},"end":{"line":33,"column":27}},"23":{"start":{"line":35,"column":8},"end":{"line":51,"column":9}},"24":{"start":{"line":36,"column":12},"end":{"line":36,"column":125}},"25":{"start":{"line":39,"column":12},"end":{"line":41,"column":13}},"26":{"start":{"line":40,"column":16},"end":{"line":40,"column":47}},"27":{"start":{"line":43,"column":12},"end":{"line":43,"column":46}},"28":{"start":{"line":44,"column":12},"end":{"line":46,"column":13}},"29":{"start":{"line":45,"column":16},"end":{"line":45,"column":23}},"30":{"start":{"line":47,"column":12},"end":{"line":50,"column":13}},"31":{"start":{"line":48,"column":16},"end":{"line":48,"column":48}},"32":{"start":{"line":49,"column":16},"end":{"line":49,"column":40}},"33":{"start":{"line":52,"column":8},"end":{"line":52,"column":25}},"34":{"start":{"line":53,"column":8},"end":{"line":53,"column":85}},"35":{"start":{"line":54,"column":8},"end":{"line":54,"column":40}},"36":{"start":{"line":55,"column":8},"end":{"line":69,"column":9}},"37":{"start":{"line":57,"column":12},"end":{"line":68,"column":13}},"38":{"start":{"line":58,"column":16},"end":{"line":58,"column":144}},"39":{"start":{"line":60,"column":16},"end":{"line":65,"column":17}},"40":{"start":{"line":61,"column":18},"end":{"line":61,"column":83}},"41":{"start":{"line":62,"column":18},"end":{"line":62,"column":116}},"42":{"start":{"line":64,"column":18},"end":{"line":64,"column":44}},"43":{"start":{"line":67,"column":16},"end":{"line":67,"column":44}},"44":{"start":{"line":71,"column":8},"end":{"line":75,"column":9}},"45":{"start":{"line":72,"column":12},"end":{"line":74,"column":15}},"46":{"start":{"line":73,"column":16},"end":{"line":73,"column":28}},"47":{"start":{"line":77,"column":8},"end":{"line":77,"column":23}},"48":{"start":{"line":81,"column":0},"end":{"line":90,"column":1}},"49":{"start":{"line":82,"column":4},"end":{"line":82,"column":28}},"50":{"start":{"line":84,"column":4},"end":{"line":84,"column":50}},"51":{"start":{"line":85,"column":4},"end":{"line":87,"column":5}},"52":{"start":{"line":86,"column":8},"end":{"line":86,"column":87}},"53":{"start":{"line":89,"column":4},"end":{"line":89,"column":32}},"54":{"start":{"line":92,"column":0},"end":{"line":95,"column":2}}},"branchMap":{"1":{"line":7,"type":"if","locations":[{"start":{"line":7,"column":4},"end":{"line":7,"column":4}},{"start":{"line":7,"column":4},"end":{"line":7,"column":4}}]},"2":{"line":10,"type":"if","locations":[{"start":{"line":10,"column":4},"end":{"line":10,"column":4}},{"start":{"line":10,"column":4},"end":{"line":10,"column":4}}]},"3":{"line":19,"type":"binary-expr","locations":[{"start":{"line":19,"column":20},"end":{"line":19,"column":36}},{"start":{"line":19,"column":40},"end":{"line":19,"column":49}}]},"4":{"line":20,"type":"binary-expr","locations":[{"start":{"line":20,"column":29},"end":{"line":20,"column":54}},{"start":{"line":20,"column":58},"end":{"line":20,"column":63}}]},"5":{"line":22,"type":"if","locations":[{"start":{"line":22,"column":4},"end":{"line":22,"column":4}},{"start":{"line":22,"column":4},"end":{"line":22,"column":4}}]},"6":{"line":28,"type":"if","locations":[{"start":{"line":28,"column":4},"end":{"line":28,"column":4}},{"start":{"line":28,"column":4},"end":{"line":28,"column":4}}]},"7":{"line":36,"type":"cond-expr","locations":[{"start":{"line":36,"column":62},"end":{"line":36,"column":70}},{"start":{"line":36,"column":73},"end":{"line":36,"column":124}}]},"8":{"line":39,"type":"if","locations":[{"start":{"line":39,"column":12},"end":{"line":39,"column":12}},{"start":{"line":39,"column":12},"end":{"line":39,"column":12}}]},"9":{"line":44,"type":"if","locations":[{"start":{"line":44,"column":12},"end":{"line":44,"column":12}},{"start":{"line":44,"column":12},"end":{"line":44,"column":12}}]},"10":{"line":44,"type":"binary-expr","locations":[{"start":{"line":44,"column":15},"end":{"line":44,"column":28}},{"start":{"line":44,"column":32},"end":{"line":44,"column":44}},{"start":{"line":44,"column":48},"end":{"line":44,"column":80}}]},"11":{"line":47,"type":"if","locations":[{"start":{"line":47,"column":12},"end":{"line":47,"column":12}},{"start":{"line":47,"column":12},"end":{"line":47,"column":12}}]},"12":{"line":53,"type":"binary-expr","locations":[{"start":{"line":53,"column":25},"end":{"line":53,"column":42}},{"start":{"line":53,"column":46},"end":{"line":53,"column":84}}]},"13":{"line":57,"type":"if","locations":[{"start":{"line":57,"column":12},"end":{"line":57,"column":12}},{"start":{"line":57,"column":12},"end":{"line":57,"column":12}}]},"14":{"line":58,"type":"cond-expr","locations":[{"start":{"line":58,"column":110},"end":{"line":58,"column":122}},{"start":{"line":58,"column":125},"end":{"line":58,"column":143}}]},"15":{"line":58,"type":"binary-expr","locations":[{"start":{"line":58,"column":34},"end":{"line":58,"column":53}},{"start":{"line":58,"column":57},"end":{"line":58,"column":107}}]},"16":{"line":60,"type":"if","locations":[{"start":{"line":60,"column":16},"end":{"line":60,"column":16}},{"start":{"line":60,"column":16},"end":{"line":60,"column":16}}]},"17":{"line":60,"type":"binary-expr","locations":[{"start":{"line":60,"column":20},"end":{"line":60,"column":40}},{"start":{"line":60,"column":44},"end":{"line":60,"column":77}}]},"18":{"line":61,"type":"cond-expr","locations":[{"start":{"line":61,"column":60},"end":{"line":61,"column":61}},{"start":{"line":61,"column":64},"end":{"line":61,"column":82}}]},"19":{"line":62,"type":"cond-expr","locations":[{"start":{"line":62,"column":62},"end":{"line":62,"column":101}},{"start":{"line":62,"column":104},"end":{"line":62,"column":115}}]},"20":{"line":71,"type":"if","locations":[{"start":{"line":71,"column":8},"end":{"line":71,"column":8}},{"start":{"line":71,"column":8},"end":{"line":71,"column":8}}]},"21":{"line":82,"type":"binary-expr","locations":[{"start":{"line":82,"column":14},"end":{"line":82,"column":21}},{"start":{"line":82,"column":25},"end":{"line":82,"column":27}}]},"22":{"line":84,"type":"binary-expr","locations":[{"start":{"line":84,"column":20},"end":{"line":84,"column":36}},{"start":{"line":84,"column":40},"end":{"line":84,"column":49}}]},"23":{"line":85,"type":"if","locations":[{"start":{"line":85,"column":4},"end":{"line":85,"column":4}},{"start":{"line":85,"column":4},"end":{"line":85,"column":4}}]}},"code":["var _ = require(\"underscore\");","_.str = require('underscore.string');","var supported_languages = [\"danish\",\"dutch\",\"english\",\"french\",\"galician\",\"german\",\"italian\",\"polish\",\"portuguese\",\"russian\",\"spanish\",\"swedish\"];","var stopwords = require(\"./stopwords/stopwords\");","","function _extract(str, options){","    if(_.isEmpty(str)){","        return [];","    }","    if(_.isEmpty(options)){","        options = {","            remove_digits: true,","            return_changed_case: true","        };","    }","    var return_changed_case = options.return_changed_case;","    var return_chained_words = options.return_chained_words;","    var remove_digits = options.remove_digits;","    var _language = options.language || \"english\";","    var _remove_duplicates = options.remove_duplicates || false;","","    if(supported_languages.indexOf(_language) < 0){","        throw new Error(\"Language must be one of [\"+supported_languages.join(\",\")+\"]\");","    }","","    //  strip any HTML and trim whitespace","    var text = _.str.trim(_.str.stripTags(str));","    if(_.isEmpty(text)){","        return [];","    }else{","        var words = text.split(/\\s/);","        var unchanged_words = [];","        var low_words = [];","        //  change the case of all the words","        for(var x = 0;x < words.length; x++){","            var w = words[x].match(/https?:\\/\\/.*[\\r\\n]*/g) ? words[x] : words[x].replace(/\\.|,|;|!|\\?|\\(|\\)|:|\"|^'|'$/g,'');","            //  remove periods, question marks, exclamation points, commas, and semi-colons","            //  if this is a short result, make sure it's not a single character or something 'odd'","            if(w.length === 1){","                w = w.replace(/-|_|@|&|#/g,'');","            }","            //  if it's a number, remove it","            var digits_match = w.match(/\\d/g);","            if(remove_digits && digits_match && digits_match.length === w.length){","                w = \"\";","            }","            if(w.length > 0){","                low_words.push(w.toLowerCase());","                unchanged_words.push(w);","            }","        }","        var results = [];","        var _stopwords = options.stopwords || _getStopwords({ language: _language });","        var _last_result_word_index = 0;","        for(var y = 0; y < low_words.length; y++){","","            if(_stopwords.indexOf(low_words[y]) < 0){","                var result_word = return_changed_case && !unchanged_words[y].match(/https?:\\/\\/.*[\\r\\n]*/g) ? low_words[y] : unchanged_words[y];","","                if (return_chained_words && _last_result_word_index === y - 1) {","                  var change_pos = results.length - 1 < 0 ? 0 : results.length - 1;","                  results[change_pos] = results[change_pos] ? results[change_pos] + ' ' + result_word : result_word;","                } else {","                  results.push(result_word);","                }","","                _last_result_word_index = y;","            }","        }","","        if(_remove_duplicates) {","            results= _.uniq(results, function (item) {","                return item;","            });","        }","","        return results;","    }","}","","function _getStopwords(options){","    options = options || {};","","    var _language = options.language || \"english\";","    if(supported_languages.indexOf(_language) < 0){","        throw new Error(\"Language must be one of [\"+supported_languages.join(\",\")+\"]\");","    }","","    return stopwords[_language];","}","","module.exports = {","    extract:_extract,","    getStopwords: _getStopwords","};",""],"l":{"1":1,"2":1,"3":1,"4":1,"6":1,"7":0,"8":0,"10":0,"11":0,"16":0,"17":0,"18":0,"19":0,"20":0,"22":0,"23":0,"27":0,"28":0,"29":0,"31":0,"32":0,"33":0,"35":0,"36":0,"39":0,"40":0,"43":0,"44":0,"45":0,"47":0,"48":0,"49":0,"52":0,"53":0,"54":0,"55":0,"57":0,"58":0,"60":0,"61":0,"62":0,"64":0,"67":0,"71":0,"72":0,"73":0,"77":0,"81":1,"82":0,"84":0,"85":0,"86":0,"89":0,"92":1}},"/home/travis/build/npmtest/node-npmtest-keyword-extractor/node_modules/keyword-extractor/lib/stopwords/stopwords.js":{"path":"/home/travis/build/npmtest/node-npmtest-keyword-extractor/node_modules/keyword-extractor/lib/stopwords/stopwords.js","s":{"1":1},"b":{},"f":{},"fnMap":{},"statementMap":{"1":{"start":{"line":1,"column":0},"end":{"line":14,"column":2}}},"branchMap":{},"code":["module.exports = {","\tdanish: require(\"./da\").stopwords,","\tdutch: require(\"./nl\").stopwords,","\tenglish: require(\"./en\").stopwords,","\tfrench: require(\"./fr\").stopwords,","\tgalician: require(\"./gl\").stopwords,","\tgerman: require(\"./de\").stopwords,","\titalian: require(\"./it\").stopwords,","\tpolish: require(\"./pl\").stopwords,","\tportuguese: require(\"./pt\").stopwords,","\trussian: require(\"./ru\").stopwords,","\tspanish: require(\"./es\").stopwords,","\tswedish: require(\"./se\").stopwords","};",""],"l":{"1":1}},"/home/travis/build/npmtest/node-npmtest-keyword-extractor/node_modules/keyword-extractor/lib/stopwords/da.js":{"path":"/home/travis/build/npmtest/node-npmtest-keyword-extractor/node_modules/keyword-extractor/lib/stopwords/da.js","s":{"1":1},"b":{},"f":{},"fnMap":{},"statementMap":{"1":{"start":{"line":5,"column":0},"end":{"line":180,"column":2}}},"branchMap":{},"code":["// Danish stopwords","// http://www.ranks.nl/stopwords/danish","// https://github.com/dnohr","","module.exports = {","    stopwords: [","\t\t\"ad\",","\t\t\"af\",","\t\t\"aldrig\",","\t\t\"alle\",","\t\t\"alt\",","\t\t\"altid\",","\t\t\"anden\",","\t\t\"andet\",","\t\t\"andre\",","\t\t\"at\",","\t\t\"bagved\",","\t\t\"begge\",","\t\t\"blev\",","\t\t\"blive\",","\t\t\"bliver\",","\t\t\"da\",","\t\t\"de\",","\t\t\"dem\",","\t\t\"den\",","\t\t\"denne\",","\t\t\"der\",","\t\t\"deres\",","\t\t\"det\",","\t\t\"dette\",","\t\t\"dig\",","\t\t\"din\",","\t\t\"disse\",","\t\t\"dog\",","\t\t\"du\",","\t\t\"efter\",","\t\t\"ej\",","\t\t\"eller\",","\t\t\"en\",","\t\t\"end\",","\t\t\"endnu\",","\t\t\"ene\",","\t\t\"eneste\",","\t\t\"enhver\",","\t\t\"er\",","\t\t\"et\",","\t\t\"fem\",","\t\t\"fire\",","\t\t\"fjernt\",","\t\t\"flere\",","\t\t\"fleste\",","\t\t\"for\",","\t\t\"foran\",","\t\t\"fordi\",","\t\t\"forrige\",","\t\t\"fra\",","\t\t\"få\",","\t\t\"før\",","\t\t\"gennem\",","\t\t\"god\",","\t\t\"ham\",","\t\t\"han\",","\t\t\"hans\",","\t\t\"har\",","\t\t\"havde\",","\t\t\"have\",","\t\t\"hende\",","\t\t\"hendes\",","\t\t\"her\",","\t\t\"hos\",","\t\t\"hovfor\",","\t\t\"hun\",","\t\t\"hurtig\",","\t\t\"hvad\",","\t\t\"hvem\",","\t\t\"hver\",","\t\t\"hvilken\",","\t\t\"hvis\",","\t\t\"hvonår\",","\t\t\"hvor\",","\t\t\"hvordan\",","\t\t\"hvorfor\",","\t\t\"hvorhen\",","\t\t\"hvornår\",","\t\t\"i\",","\t\t\"ikke\",","\t\t\"imod\",","\t\t\"ind\",","\t\t\"ingen\",","\t\t\"intet\",","\t\t\"ja\",","\t\t\"jeg\",","\t\t\"jer\",","\t\t\"jeres\",","\t\t\"jo\",","\t\t\"kan\",","\t\t\"kom\",","\t\t\"kommer\",","\t\t\"kunne\",","\t\t\"langsom\",","\t\t\"lav\",","\t\t\"lidt\",","\t\t\"lille\",","\t\t\"man\",","\t\t\"mand\",","\t\t\"mange\",","\t\t\"med\",","\t\t\"meget\",","\t\t\"mellem\",","\t\t\"men\",","\t\t\"mens\",","\t\t\"mere\",","\t\t\"mig\",","\t\t\"min\",","\t\t\"mindre\",","\t\t\"mine\",","\t\t\"mit\",","\t\t\"mod\",","\t\t\"måske\",","\t\t\"ned\",","\t\t\"nede\",","\t\t\"nej\",","\t\t\"ni\",","\t\t\"nogen\",","\t\t\"noget\",","\t\t\"nogle\",","\t\t\"nok\",","\t\t\"nu\",","\t\t\"ny\",","\t\t\"nyt\",","\t\t\"når\",","\t\t\"nær\",","\t\t\"næste\",","\t\t\"næsten\",","\t\t\"og\",","\t\t\"også\",","\t\t\"om\",","\t\t\"op\",","\t\t\"oppe\",","\t\t\"os\",","\t\t\"otte\",","\t\t\"over\",","\t\t\"på\",","\t\t\"rask\",","\t\t\"sammen\",","\t\t\"se\",","\t\t\"seks\",","\t\t\"selv\",","\t\t\"ses\",","\t\t\"sig\",","\t\t\"sin\",","\t\t\"sine\",","\t\t\"sit\",","\t\t\"skal\",","\t\t\"skulle\",","\t\t\"som\",","\t\t\"stor\",","\t\t\"store\",","\t\t\"syv\",","\t\t\"sådan\",","\t\t\"temmelig\",","\t\t\"thi\",","\t\t\"ti\",","\t\t\"til\",","\t\t\"to\",","\t\t\"tre\",","\t\t\"ud\",","\t\t\"uden\",","\t\t\"udenfor\",","\t\t\"under\",","\t\t\"var\",","\t\t\"ved\",","\t\t\"vi\",","\t\t\"vil\",","\t\t\"ville\",","\t\t\"vor\",","\t\t\"være\",","\t\t\"været\"","    ]","};"],"l":{"5":1}},"/home/travis/build/npmtest/node-npmtest-keyword-extractor/node_modules/keyword-extractor/lib/stopwords/nl.js":{"path":"/home/travis/build/npmtest/node-npmtest-keyword-extractor/node_modules/keyword-extractor/lib/stopwords/nl.js","s":{"1":1},"b":{},"f":{},"fnMap":{},"statementMap":{"1":{"start":{"line":9,"column":0},"end":{"line":319,"column":2}}},"branchMap":{},"code":["/**"," * Created by jan on 9-3-15."," */","// Dutch stopwords","// via https://code.google.com/p/stop-words/","","","","module.exports = {","    stopwords:[","        \"aan\",","        \"af\",","        \"al\",","        \"als\",","        \"bij\",","        \"dan\",","        \"dat\",","        \"die\",","        \"dit\",","        \"een\",","        \"en\",","        \"er\",","        \"had\",","        \"heb\",","        \"hem\",","        \"het\",","        \"hij\",","        \"hoe\",","        \"hun\",","        \"ik\",","        \"in\",","        \"is\",","        \"je\",","        \"kan\",","        \"me\",","        \"men\",","        \"met\",","        \"mij\",","        \"nog\",","        \"nu\",","        \"of\",","        \"ons\",","        \"ook\",","        \"te\",","        \"tot\",","        \"uit\",","        \"van\",","        \"was\",","        \"wat\",","        \"we\",","        \"wel\",","        \"wij\",","        \"zal\",","        \"ze\",","        \"zei\",","        \"zij\",","        \"zo\",","        \"zou\",","        \"aan\",","        \"aangaande\",","        \"aangezien\",","        \"achter\",","        \"achterna\",","        \"afgelopen\",","        \"al\",","        \"aldaar\",","        \"aldus\",","        \"alhoewel\",","        \"alias\",","        \"alle\",","        \"allebei\",","        \"alleen\",","        \"alsnog\",","        \"altijd\",","        \"altoos\",","        \"ander\",","        \"andere\",","        \"anders\",","        \"anderszins\",","        \"behalve\",","        \"behoudens\",","        \"beide\",","        \"beiden\",","        \"ben\",","        \"beneden\",","        \"bent\",","        \"bepaald\",","        \"betreffende\",","        \"bij\",","        \"binnen\",","        \"binnenin\",","        \"boven\",","        \"bovenal\",","        \"bovendien\",","        \"bovengenoemd\",","        \"bovenstaand\",","        \"bovenvermeld\",","        \"buiten\",","        \"daar\",","        \"daarheen\",","        \"daarin\",","        \"daarna\",","        \"daarnet\",","        \"daarom\",","        \"daarop\",","        \"daarvanlangs\",","        \"dan\",","        \"dat\",","        \"de\",","        \"die\",","        \"dikwijls\",","        \"dit\",","        \"door\",","        \"doorgaand\",","        \"dus\",","        \"echter\",","        \"eer\",","        \"eerdat\",","        \"eerder\",","        \"eerlang\",","        \"eerst\",","        \"elk\",","        \"elke\",","        \"en\",","        \"enig\",","        \"enigszins\",","        \"enkel\",","        \"er\",","        \"erdoor\",","        \"even\",","        \"eveneens\",","        \"evenwel\",","        \"gauw\",","        \"gedurende\",","        \"geen\",","        \"gehad\",","        \"gekund\",","        \"geleden\",","        \"gelijk\",","        \"gemoeten\",","        \"gemogen\",","        \"geweest\",","        \"gewoon\",","        \"gewoonweg\",","        \"haar\",","        \"had\",","        \"hadden\",","        \"hare\",","        \"heb\",","        \"hebben\",","        \"hebt\",","        \"heeft\",","        \"hem\",","        \"hen\",","        \"het\",","        \"hierbeneden\",","        \"hierboven\",","        \"hij\",","        \"hoe\",","        \"hoewel\",","        \"hun\",","        \"hunne\",","        \"ik\",","        \"ikzelf\",","        \"in\",","        \"inmiddels\",","        \"inzake\",","        \"is\",","        \"jezelf\",","        \"jij\",","        \"jijzelf\",","        \"jou\",","        \"jouw\",","        \"jouwe\",","        \"juist\",","        \"jullie\",","        \"kan\",","        \"klaar\",","        \"kon\",","        \"konden\",","        \"krachtens\",","        \"kunnen\",","        \"kunt\",","        \"later\",","        \"liever\",","        \"maar\",","        \"mag\",","        \"meer\",","        \"met\",","        \"mezelf\",","        \"mij\",","        \"mijn\",","        \"mijnent\",","        \"mijner\",","        \"mijzelf\",","        \"misschien\",","        \"mocht\",","        \"mochten\",","        \"moest\",","        \"moesten\",","        \"moet\",","        \"moeten\",","        \"mogen\",","        \"na\",","        \"naar\",","        \"nadat\",","        \"net\",","        \"niet\",","        \"noch\",","        \"nog\",","        \"nogal\",","        \"nu\",","        \"of\",","        \"ofschoon\",","        \"om\",","        \"omdat\",","        \"omhoog\",","        \"omlaag\",","        \"omstreeks\",","        \"omtrent\",","        \"omver\",","        \"onder\",","        \"ondertussen\",","        \"ongeveer\",","        \"ons\",","        \"onszelf\",","        \"onze\",","        \"ook\",","        \"op\",","        \"opnieuw\",","        \"opzij\",","        \"over\",","        \"overeind\",","        \"overigens\",","        \"pas\",","        \"precies\",","        \"reeds\",","        \"rond\",","        \"rondom\",","        \"sedert\",","        \"sinds\",","        \"sindsdien\",","        \"slechts\",","        \"sommige\",","        \"spoedig\",","        \"steeds\",","        \"tamelijk\",","        \"tenzij\",","        \"terwijl\",","        \"thans\",","        \"tijdens\",","        \"toch\",","        \"toen\",","        \"toenmaals\",","        \"toenmalig\",","        \"tot\",","        \"totdat\",","        \"tussen\",","        \"uit\",","        \"uitgezonderd\",","        \"vaakwat\",","        \"van\",","        \"vandaan\",","        \"vanuit\",","        \"vanwege\",","        \"veeleer\",","        \"verder\",","        \"vervolgens\",","        \"vol\",","        \"volgens\",","        \"voor\",","        \"vooraf\",","        \"vooral\",","        \"vooralsnog\",","        \"voorbij\",","        \"voordat\",","        \"voordezen\",","        \"voordien\",","        \"voorheen\",","        \"voorop\",","        \"vooruit\",","        \"vrij\",","        \"vroeg\",","        \"waar\",","        \"waarom\",","        \"wanneer\",","        \"want\",","        \"waren\",","        \"was\",","        \"weer\",","        \"weg\",","        \"wegens\",","        \"wel\",","        \"weldra\",","        \"welk\",","        \"welke\",","        \"wie\",","        \"wiens\",","        \"wier\",","        \"wij\",","        \"wijzelf\",","        \"zal\",","        \"ze\",","        \"zelfs\",","        \"zichzelf\",","        \"zij\",","        \"zijn\",","        \"zijne\",","        \"zo\",","        \"zodra\",","        \"zonder\",","        \"zou\",","        \"zouden\",","        \"zowat\",","        \"zulke\",","        \"zullen\",","        \"zult\"","    ]","};","",""],"l":{"9":1}},"/home/travis/build/npmtest/node-npmtest-keyword-extractor/node_modules/keyword-extractor/lib/stopwords/en.js":{"path":"/home/travis/build/npmtest/node-npmtest-keyword-extractor/node_modules/keyword-extractor/lib/stopwords/en.js","s":{"1":1},"b":{},"f":{},"fnMap":{},"statementMap":{"1":{"start":{"line":2,"column":0},"end":{"line":576,"column":2}}},"branchMap":{},"code":["// via http://jmlr.org/papers/volume5/lewis04a/a11-smart-stop-list/english.stop","module.exports = {","    stopwords:[","        \"a\",","        \"a's\",","        \"able\",","        \"about\",","        \"above\",","        \"according\",","        \"accordingly\",","        \"across\",","        \"actually\",","        \"after\",","        \"afterwards\",","        \"again\",","        \"against\",","        \"ain't\",","        \"all\",","        \"allow\",","        \"allows\",","        \"almost\",","        \"alone\",","        \"along\",","        \"already\",","        \"also\",","        \"although\",","        \"always\",","        \"am\",","        \"among\",","        \"amongst\",","        \"an\",","        \"and\",","        \"another\",","        \"any\",","        \"anybody\",","        \"anyhow\",","        \"anyone\",","        \"anything\",","        \"anyway\",","        \"anyways\",","        \"anywhere\",","        \"apart\",","        \"appear\",","        \"appreciate\",","        \"appropriate\",","        \"are\",","        \"aren't\",","        \"around\",","        \"as\",","        \"aside\",","        \"ask\",","        \"asking\",","        \"associated\",","        \"at\",","        \"available\",","        \"away\",","        \"awfully\",","        \"b\",","        \"be\",","        \"became\",","        \"because\",","        \"become\",","        \"becomes\",","        \"becoming\",","        \"been\",","        \"before\",","        \"beforehand\",","        \"behind\",","        \"being\",","        \"believe\",","        \"below\",","        \"beside\",","        \"besides\",","        \"best\",","        \"better\",","        \"between\",","        \"beyond\",","        \"both\",","        \"brief\",","        \"but\",","        \"by\",","        \"c\",","        \"c'mon\",","        \"c's\",","        \"came\",","        \"can\",","        \"can't\",","        \"cannot\",","        \"cant\",","        \"cause\",","        \"causes\",","        \"certain\",","        \"certainly\",","        \"changes\",","        \"clearly\",","        \"co\",","        \"com\",","        \"come\",","        \"comes\",","        \"concerning\",","        \"consequently\",","        \"consider\",","        \"considering\",","        \"contain\",","        \"containing\",","        \"contains\",","        \"corresponding\",","        \"could\",","        \"couldn't\",","        \"course\",","        \"currently\",","        \"d\",","        \"definitely\",","        \"described\",","        \"despite\",","        \"did\",","        \"didn't\",","        \"different\",","        \"do\",","        \"does\",","        \"doesn't\",","        \"doing\",","        \"don't\",","        \"done\",","        \"down\",","        \"downwards\",","        \"during\",","        \"e\",","        \"each\",","        \"edu\",","        \"eg\",","        \"eight\",","        \"either\",","        \"else\",","        \"elsewhere\",","        \"enough\",","        \"entirely\",","        \"especially\",","        \"et\",","        \"etc\",","        \"even\",","        \"ever\",","        \"every\",","        \"everybody\",","        \"everyone\",","        \"everything\",","        \"everywhere\",","        \"ex\",","        \"exactly\",","        \"example\",","        \"except\",","        \"f\",","        \"far\",","        \"few\",","        \"fifth\",","        \"first\",","        \"five\",","        \"followed\",","        \"following\",","        \"follows\",","        \"for\",","        \"former\",","        \"formerly\",","        \"forth\",","        \"four\",","        \"from\",","        \"further\",","        \"furthermore\",","        \"g\",","        \"get\",","        \"gets\",","        \"getting\",","        \"given\",","        \"gives\",","        \"go\",","        \"goes\",","        \"going\",","        \"gone\",","        \"got\",","        \"gotten\",","        \"greetings\",","        \"h\",","        \"had\",","        \"hadn't\",","        \"happens\",","        \"hardly\",","        \"has\",","        \"hasn't\",","        \"have\",","        \"haven't\",","        \"having\",","        \"he\",","        \"he's\",","        \"hello\",","        \"help\",","        \"hence\",","        \"her\",","        \"here\",","        \"here's\",","        \"hereafter\",","        \"hereby\",","        \"herein\",","        \"hereupon\",","        \"hers\",","        \"herself\",","        \"hi\",","        \"him\",","        \"himself\",","        \"his\",","        \"hither\",","        \"hopefully\",","        \"how\",","        \"howbeit\",","        \"however\",","        \"i\",","        \"i'd\",","      
[...]
o',","        'ha',","        'hace',","        'haceis',","        'hacemos',","        'hacen',","        'hacer',","        'haces',","        'hago',","        'incluso',","        'intenta',","        'intentais',","        'intentamos',","        'intentan',","        'intentar',","        'intentas',","        'intento',","        'ir',","        'la',","        'largo',","        'las',","        'lo',","        'los',","        'me',","        'mientras',","        'mi',","        'mio',","        'modo',","        'mucho',","        'muchos',","        'más',","        'mas',","        'muy',","        'nos',","        'nosotros',","        'otra',","        'otras',","        'otro',","        'otros',","        'para',","        'pero',","        'podeis',","        'podemos',","        'poder',","        'podria',","        'podriais',","        'podriamos',","        'podrian',","        'podrias',","        'por',","        'por favor',","        'por qué',","        'porque',","        'primero',","        'puede',","        'pueden',","        'puedo',","        'qué',","        'que',","        'quien',","        'sabe',","        'sabeis',","        'sabemos',","        'saben',","        'saber',","        'sabes',","        'se',","        'ser',","        'si',","        'siendo',","        'sin',","        'sobre',","        'sois',","        'solamente',","        'solo',","        'somos',","        'soy',","        'su',","        'sus',","        'también',","        'te',","        'teneis',","        'tenemos',","        'tener',","        'tengo',","        'tiempo',","        'tiene',","        'tienen',","        'todo',","        'trabaja',","        'trabajais',","        'trabajamos',","        'trabajan',","        'trabajar',","        'trabajas',","        'tras',","        'tuyo',","        'ultimo',","        'un',","        'una',","        'unas',","        'uno',","        'unos',","        'usa',","        'usais',","        'usamos',","        'usan',","        'usar',","        'usas',","        'uso',","        'va',","        'vais',","        'valor',","        'vamos',","        'van',","        'vaya',","        'verdad',","        'verdadera',","        'verdadero',","        'vosotras',","        'vosotros',","        'voy',","        'yo'","    ]","};",""],"l":{"2":1}},"/home/travis/build/npmtest/node-npmtest-keyword-extractor/node_modules/keyword-extractor/lib/stopwords/se.js":{"path":"/home/travis/build/npmtest/node-npmtest-keyword-extractor/node_modules/keyword-extractor/lib/stopwords/se.js","s":{"1":1},"b":{},"f":{},"fnMap":{},"statementMap":{"1":{"start":{"line":8,"column":0},"end":{"line":812,"column":2}}},"branchMap":{},"code":["/**"," * Created by jan on 9-3-15."," */","// Swedish stopwords","// http://www.ranks.nl/stopwords/swedish","// https://github.com/AlexGustafsson","","module.exports = {","    stopwords: [","        \"aderton\",","        \"adertonde\",","        \"adjö\",","        \"aldrig\",","        \"alla\",","        \"allas\",","        \"allt\",","        \"alltid\",","        \"alltså\",","        \"än\",","        \"andra\",","        \"andras\",","        \"annan\",","        \"annat\",","        \"ännu\",","        \"artonde\",","        \"artonn\",","        \"åtminstone\",","        \"att\",","        \"åtta\",","        \"åttio\",","        \"åttionde\",","        \"åttonde\",","        \"av\",","        \"även\",","        \"båda\",","        \"bådas\",","        \"bakom\",","        \"bara\",","        \"bäst\",","        \"bättre\",","        \"behöva\",","        \"behövas\",","        \"behövde\",","        \"behövt\",","        \"beslut\",","        \"beslutat\",","        \"beslutit\",","        \"bland\",","        \"blev\",","        \"bli\",","        \"blir\",","        \"blivit\",","        \"bort\",","        \"borta\",","        \"bra\",","        \"då\",","        \"dag\",","        \"dagar\",","        \"dagarna\",","        \"dagen\",","        \"där\",","        \"därför\",","        \"de\",","        \"del\",","        \"delen\",","        \"dem\",","        \"den\",","        \"deras\",","        \"dess\",","        \"det\",","        \"detta\",","        \"dig\",","        \"din\",","        \"dina\",","        \"dit\",","        \"ditt\",","        \"dock\",","        \"du\",","        \"efter\",","        \"eftersom\",","        \"elfte\",","        \"eller\",","        \"elva\",","        \"en\",","        \"enkel\",","        \"enkelt\",","        \"enkla\",","        \"enligt\",","        \"er\",","        \"era\",","        \"ert\",","        \"ett\",","        \"ettusen\",","        \"få\",","        \"fanns\",","        \"får\",","        \"fått\",","        \"fem\",","        \"femte\",","        \"femtio\",","        \"femtionde\",","        \"femton\",","        \"femtonde\",","        \"fick\",","        \"fin\",","        \"finnas\",","        \"finns\",","        \"fjärde\",","        \"fjorton\",","        \"fjortonde\",","        \"fler\",","        \"flera\",","        \"flesta\",","        \"följande\",","        \"för\",","        \"före\",","        \"förlåt\",","        \"förra\",","        \"första\",","        \"fram\",","        \"framför\",","        \"från\",","        \"fyra\",","        \"fyrtio\",","        \"fyrtionde\",","        \"gå\",","        \"gälla\",","        \"gäller\",","        \"gällt\",","        \"går\",","        \"gärna\",","        \"gått\",","        \"genast\",","        \"genom\",","        \"gick\",","        \"gjorde\",","        \"gjort\",","        \"god\",","        \"goda\",","        \"godare\",","        \"godast\",","        \"gör\",","        \"göra\",","        \"gott\",","        \"ha\",","        \"hade\",","        \"haft\",","        \"han\",","        \"hans\",","        \"har\",","        \"här\",","        \"heller\",","        \"hellre\",","        \"helst\",","        \"helt\",","        \"henne\",","        \"hennes\",","        \"hit\",","        \"hög\",","        \"höger\",","        \"högre\",","        \"högst\",","        \"hon\",","        \"honom\",","        \"hundra\",","        \"hundraen\",","        \"hundraett\",","        \"hur\",","        \"i\",","        \"ibland\",","        \"idag\",","        \"igår\",","        \"igen\",","        \"imorgon\",","        \"in\",","        \"inför\",","        \"inga\",","        \"ingen\",","        \"ingenting\",","        \"inget\",","        \"innan\",","        \"inne\",","        \"inom\",","        \"inte\",","        \"inuti\",","        \"ja\",","        \"jag\",","        \"jämfört\",","        \"kan\",","        \"kanske\",","        \"knappast\",","        \"kom\",","        \"komma\",","        \"kommer\",","        \"kommit\",","        \"kr\",","        \"kunde\",","        \"kunna\",","        \"kunnat\",","        \"kvar\",","        \"länge\",","        \"längre\",","        \"långsam\",","        \"långsammare\",","        \"långsammast\",","        \"långsamt\",","        \"längst\",","        \"långt\",","        \"lätt\",","        \"lättare\",","        \"lättast\",","        \"legat\",","        \"ligga\",","        \"ligger\",","        \"lika\",","        \"likställd\",","        \"likställda\",","        \"lilla\",","        \"lite\",","        \"liten\",","        \"litet\",","        \"man\",","        \"många\",","        \"måste\",","        \"med\",","        \"mellan\",","        \"men\",","        \"mer\",","        \"mera\",","        \"mest\",","        \"mig\",","        \"min\",","        \"mina\",","        \"mindre\",","        \"minst\",","        \"mitt\",","        \"mittemot\",","        \"möjlig\",","        \"möjligen\",","        \"möjligt\",","        \"möjligtvis\",","        \"mot\",","        \"mycket\",","        \"någon\",","        \"någonting\",","        \"något\",","        \"några\",","        \"när\",","        \"nästa\",","        \"ned\",","        \"nederst\",","        \"nedersta\",","        \"nedre\",","        \"nej\",","        \"ner\",","        \"ni\",","        \"nio\",","        \"nionde\",","        \"nittio\",","        \"nittionde\",","        \"nitton\",","        \"nittonde\",","        \"nödvändig\",","        \"nödvändiga\",","        \"nödvändigt\",","        \"nödvändigtvis\",","        \"nog\",","        \"noll\",","        \"nr\",","        \"nu\",","        \"nummer\",","        \"och\",","        \"också\",","        \"ofta\",","        \"oftast\",","        \"olika\",","        \"olikt\",","        \"om\",","        \"oss\",","        \"över\",","        \"övermorgon\",","        \"överst\",","        \"övre\",","        \"på\",","        \"rakt\",","        \"rätt\",","        \"redan\",","        \"redigera\",","        \"så\",","        \"sade\",","        \"säga\",","        \"säger\",","        \"sagt\",","        \"samma\",","        \"sämre\",","        \"sämst\",","        \"se\",","        \"sedan\",","        \"senare\",","        \"senast\",","        \"sent\",","        \"sex\",","        \"sextio\",","        \"sextionde\",","        \"sexton\",","        \"sextonde\",","        \"sig\",","        \"sin\",","        \"sina\",","        \"sist\",","        \"sista\",","        \"siste\",","        \"sitt\",","        \"sjätte\",","        \"sju\",","        \"sjunde\",","        \"sjuttio\",","        \"sjuttionde\",","        \"sjutton\",","        \"sjuttonde\",","        \"ska\",","        \"skall\",","        \"skulle\",","        \"slutligen\",","        \"små\",","        \"smått\",","        \"snart\",","        \"som\",","        \"stor\",","        \"stora\",","        \"större\",","        \"störst\",","        \"stort\",","        \"tack\",","        \"tidig\",","        \"tidigare\",","        \"tidigast\",","        \"tidigt\",","        \"till\",","        \"tills\",","        \"tillsammans\",","        \"tio\",","        \"tionde\",","        \"tjugo\",","        \"tjugoen\",","        \"tjugoett\",","        \"tjugonde\",","        \"tjugotre\",","        \"tjugotvå\",","        \"tjungo\",","        \"tolfte\",","        \"tolv\",","        \"tre\",","        \"tredje\",","        \"trettio\",","        \"trettionde\",","        \"tretton\",","        \"trettonde\",","        \"två\",","        \"tvåhundra\",","        \"under\",","        \"upp\",","        \"ur\",","        \"ursäkt\",","        \"ut\",","        \"utan\",","        \"utanför\",","        \"ute\",","        \"vad\",","        \"vänster\",","        \"vänstra\",","        \"vår\",","        \"vara\",","        \"våra\",","        \"varför\",","        \"varifrån\",","        \"varit\",","        \"varken\",","        \"värre\",","        \"varsågod\",","        \"vart\",","        \"vårt\",","        \"vem\",","        \"vems\",","        \"verkligen\",","        \"vi\",","        \"vid\",","        \"vidare\",","        \"viktig\",","        \"viktigare\",","        \"viktigast\",","        \"viktigt\",","        \"vilka\",","        \"vilken\",","        \"vilket\",","        \"vill\",","        \"är\",","        \"år\",","","        \"även\",","        \"dessa\",","        \"wikitext\",","        \"wikipedia\",","        \"tyngre\",","        \"tung\",","        \"tyngst\",","        \"kall\",","        \"var\",","        \"minimum\",","        \"min\",","        \"max\",","        \"maximum\",","        \"ökning\",","        \"öka\",","        \"kallar\",","        \"hjälp\",","        \"använder\",","        \"betydligt\",","        \"sätt\",","        \"denna\",","        \"detta\",","        \"det\",","        \"hjälpa\",","        \"används\",","        \"består\",","        \"tränger\",","        \"igenom\",","        \"denna\",","        \"utöka\",","        \"utarmat\",","        \"ungefär\",","        \"sprids\",","        \"betydligt\",","        \"omgivande\",","        \"via\",","        \"huvudartikel\",","        \"exempel\",","        \"exempelvis\",","        \"vanligt\",","        \"per\",","        \"största\",","        \"stor\",","        \"ord\",","        \"ordet\",","        \"kallas\",","        \"påbörjad\",","        \"höra\",","        \"främst\",","        \"ihop\",","        \"antalet\",","        \"the\",","        \"uttryck\",","        \"uttrycket\",","        \"ändra\",","        \"presenteras\",","        \"presenterades\",","        \"tänka\",","        \"delar\",","        \"söka\",","        \"hämta\",","        \"innehåll\",","        \"definera\",","        \"använda\",","        \"pekar\",","        \"istället\",","        \"stället\",","        \"pekar\",","        \"standard\",","        \"vanligaste\",","        \"heter\",","        \"precist\",","        \"felaktigt\",","        \"källor\",","        \"höga\",","        \"mottagare\",","        \"eng\",","        \"bildade\",","        \"bytte\",","        \"bildades\",","        \"grundades\",","        \"svar\",","        \"betyder\",","        \"betydelse\",","        \"möjligheter\",","        \"möjlig\",","        \"möjlighet\",","        \"syfte\",","        \"gamla\",","        \"tioårig\",","        \"år\",","        \"övergångsperiod\",","        \"ersättas\",","        \"användes\",","        \"används\",","        \"utgörs\",","        \"drygt\",","        \"alla\",","        \"allt\",","        \"alltså\",","        \"andra\",","        \"att\",","        \"bara\",","        \"bli\",","        \"blir\",","        \"borde\",","        \"bra\",","        \"mitt\",","        \"ser\",","        \"dem\",","        \"den\",","        \"denna\",","        \"det\",","        \"detta\",","        \"dig\",","        \"din\",","        \"dock\",","        \"dom\",","        \"där\",","        \"edit\",","        \"efter\",","        \"eftersom\",","        \"eller\",","        \"ett\",","        \"fast\",","        \"fel\",","        \"fick\",","        \"finns\",","        \"fram\",","        \"från\",","        \"får\",","        \"fått\",","        \"för\",","        \"första\",","        \"genom\",","        \"ger\",","        \"går\",","        \"gör\",","        \"göra\",","        \"hade\",","        \"han\",","        \"har\",","        \"hela\",","        \"helt\",","        \"honom\",","        \"hur\",","        \"här\",","        \"iaf\",","        \"igen\",","        \"ingen\",","        \"inget\",","        \"inte\",","        \"jag\",","        \"kan\",","        \"kanske\",","        \"kommer\",","        \"lika\",","        \"lite\",","        \"man\",","        \"med\",","        \"men\",","        \"mer\",","        \"mig\",","        \"min\",","        \"mot\",","        \"mycket\",","        \"många\",","        \"måste\",","        \"nog\",","        \"när\",","        \"någon\",","        \"något\",","        \"några\",","        \"nån\",","        \"nåt\",","        \"och\",","        \"också\",","        \"rätt\",","        \"samma\",","        \"sedan\",","        \"sen\",","        \"sig\",","        \"sin\",","        \"själv\",","        \"ska\",","        \"skulle\",","        \"som\",","        \"sätt\",","        \"tar\",","        \"till\",","        \"tror\",","        \"tycker\",","        \"typ\",","        \"upp\",","        \"utan\",","        \"vad\",","        \"var\",","        \"vara\",","        \"vet\",","        \"vid\",","        \"vilket\",","        \"vill\",","        \"väl\",","        \"även\",","        \"över\",","        \"förekommer\",","        \"varierar\",","        \"representera\",","        \"representerar\",","        \"itu\",","        \"påbörjades\",","        \"le\",","        \"åtgärder\",","        \"åtgärd\",","        \"sådant\",","        \"särskilt\",","        \"eftersom\",","        \"som\",","        \"efter\",","        \"syftet\",","        \"syfte\",","        \"ersatts\",","        \"ersätts\",","        \"ersatt\",","        \"ersätt\",","        \"tagits\",","        \"byter\",","        \"benämningar\",","        \"ler\",","        \"ärvs\",","        \"ärv\",","        \"ärvd\",","        \"januari\",","        \"februari\",","        \"mars\",","        \"april\",","        \"maj\",","        \"juni\",","        \"juli\",","        \"augusti\",","        \"september\",","        \"oktober\",","        \"november\",","        \"december\",","        \"on\",","        \"övriga\",","        \"använts\",","        \"använd\",","        \"används\",","        \"använt\",","        \"syftar\",","        \"ex\",","        \"svårt\",","        \"svår\",","        \"lätt\",","        \"lätta\",","        \"lättast\",","        \"lättare\",","        \"svårare\",","        \"svårast\",","        \"list\",","        \"användningsområde\",","        \"användningsområden\",","        \"vissa\",","        \"ii\",","        \"hembyggda\",","        \"krav\",","        \"lugnt\",","        \"ändå\",","        \"stycken\",","        \"styck\",","        \"långa\",","        \"korta\",","        \"små\",","        \"stora\",","        \"smala\",","        \"tjocka\",","        \"början\",","        \"tungt\",","        \"lätt\",","        \"tim\",","        \"st\",","        \"kg\",","        \"km\",","        \"tid\",","        \"ny\",","        \"gammal\",","        \"nyare\",","        \"antal\",","        \"snabbare\",","        \"började\",","        \"ansvar\",","        \"ansvarar\",","        \"både\",","        \"ca\",","        \"låg\",","        \"hög\",","        \"ro\",","        \"ton\",","        \"kap\",","        \"of\",","        \"and\",","        \"vars\",","        \"kr/km\",","        \"rör\",","        \"gällande\",","        \"placeras\",","        \"placerades\",","        \"täckt\",","        \"samt\",","        \"hos\",","        \"sådana\",","        \"endast\",","        \"tillstånd\",","        \"beror\",","        \"på\",","        \"marken\",","        \"minska\",","        \"orsaker\",","        \"lösningar\",","        \"problem\",","        \"namn\",","        \"förväntas\",","        \"förväntan\",","        \"förväntats\",","        \"varning\",","        \"utfärdas\",","        \"utfärda\",","        \"km/h\",","        \"nådde\",","        \"stod\",","        \"området\",","        \"områden\",","        \"källa\",","        \"behövs\",","        \"drabbade\",","        \"drabbat\",","        \"which\",","        \"top\",","        \"that\",","        \"lägre\",","        \"allmänt\",","        \"drog\",","        \"drar\",","        \"enorma\",","        \"ända\",","        \"enda\",","        \"officiella\",","        \"bekräftats\",","        \"bekräftas\",","        \"fall\",","        \"sjunker\",","        \"nedåt\",","        \"värms\",","        \"samtidigt\",","        \"efterföljd\",","        \"problematik\",","        \"uppåt\",","        \"utom\",","        \"förutom\",","        \"hörnet\",","        \"söt\",","        \"salt\",","        \"svag\",","        \"stark\",","        \"ren\",","        \"smutsig\",","        \"förr\",","        \"tiden\",","        \"mångdag\",","        \"tisdag\",","        \"onsdag\",","        \"torsdag\",","        \"fredag\",","        \"lördag\",","        \"söndag\",","        \"måndagar\",","        \"tisdagar\",","        \"onsdagar\",","        \"torsdagar\",","        \"fredagar\",","        \"lördagar\",","        \"söndagar\",","        \"efterlikna\",","        \"som\",","        \"lik\",","        \"bergis\",","        \"bekymmer\",","        \"så\",","        \"lista\",","        \"dig\",","        \"dej\",","        \"mig\",","        \"mej\",","        \"fri\",","        \"vanlig\",","        \"ovanlig\",","        \"sällan\",","        \"ofta\",","        \"avskiljs\",","        \"use\",","        \"släkte\",","        \"släktet\",","        \"släkt\",","        \"kategori\",","        \"kategoriseras\",","        \"rensas\",","        \"renas\",","        \"timmar\",","        \"minuter\",","        \"sekunder\"","    ]","};",""],"l":{"8":1}}}